[2025-07-04T00:15:45.540Z] [INFO] [SERVER] [N/A] --- Incoming Request ---
[2025-07-04T00:15:45.541Z] [INFO] [SERVER] [N/A] Method: GET
[2025-07-04T00:15:45.541Z] [INFO] [SERVER] [N/A] URL: /
[2025-07-04T00:15:45.541Z] [INFO] [SERVER] [N/A] IP: 198.235.24.117
[2025-07-04T00:15:45.541Z] [INFO] [SERVER] [N/A] User-Agent: Expanse, a Palo Alto Networks company, searches across the global IPv4 space multiple times per day to identify customers&#39; presences on the Internet. If you would like to be excluded from our scans, please send IP addresses/domains to: scaninfo@paloaltonetworks.com
[2025-07-04T00:15:45.541Z] [INFO] [SERVER] [N/A] ------------------------
[2025-07-04T00:15:45.542Z] [INFO] [SERVER] [N/A] 📤 Response: GET / - 404 (2ms)
[2025-07-04T01:16:11.467Z] [INFO] [SERVER] [N/A] --- Incoming Request ---
[2025-07-04T01:16:11.467Z] [INFO] [SERVER] [N/A] Method: GET
[2025-07-04T01:16:11.467Z] [INFO] [SERVER] [N/A] URL: /
[2025-07-04T01:16:11.467Z] [INFO] [SERVER] [N/A] IP: 147.185.132.24
[2025-07-04T01:16:11.467Z] [INFO] [SERVER] [N/A] User-Agent: Expanse, a Palo Alto Networks company, searches across the global IPv4 space multiple times per day to identify customers&#39; presences on the Internet. If you would like to be excluded from our scans, please send IP addresses/domains to: scaninfo@paloaltonetworks.com
[2025-07-04T01:16:11.467Z] [INFO] [SERVER] [N/A] ------------------------
[2025-07-04T01:16:11.468Z] [INFO] [SERVER] [N/A] 📤 Response: GET / - 404 (1ms)
[2025-07-04T02:50:00.032Z] [INFO] [SERVER] [N/A] --- Incoming Request ---
[2025-07-04T02:50:00.032Z] [INFO] [SERVER] [N/A] Method: GET
[2025-07-04T02:50:00.032Z] [INFO] [SERVER] [N/A] URL: /
[2025-07-04T02:50:00.032Z] [INFO] [SERVER] [N/A] IP: 206.168.34.78
[2025-07-04T02:50:00.032Z] [INFO] [SERVER] [N/A] User-Agent: Unknown
[2025-07-04T02:50:00.032Z] [INFO] [SERVER] [N/A] ------------------------
[2025-07-04T02:50:00.033Z] [INFO] [SERVER] [N/A] 📤 Response: GET / - 404 (1ms)
[2025-07-04T02:50:11.743Z] [INFO] [SERVER] [N/A] --- Incoming Request ---
[2025-07-04T02:50:11.743Z] [INFO] [SERVER] [N/A] Method: GET
[2025-07-04T02:50:11.743Z] [INFO] [SERVER] [N/A] URL: /
[2025-07-04T02:50:11.744Z] [INFO] [SERVER] [N/A] IP: 206.168.34.78
[2025-07-04T02:50:11.744Z] [INFO] [SERVER] [N/A] User-Agent: Mozilla/5.0 (compatible; CensysInspect/1.1; +https://about.censys.io/)
[2025-07-04T02:50:11.744Z] [INFO] [SERVER] [N/A] ------------------------
[2025-07-04T02:50:11.744Z] [INFO] [SERVER] [N/A] 📤 Response: GET / - 404 (1ms)
[2025-07-04T02:50:24.319Z] [INFO] [SERVER] [N/A] --- Incoming Request ---
[2025-07-04T02:50:24.319Z] [INFO] [SERVER] [N/A] Method: GET
[2025-07-04T02:50:24.319Z] [INFO] [SERVER] [N/A] URL: /favicon.ico
[2025-07-04T02:50:24.319Z] [INFO] [SERVER] [N/A] IP: 206.168.34.78
[2025-07-04T02:50:24.320Z] [INFO] [SERVER] [N/A] User-Agent: Mozilla/5.0 (compatible; CensysInspect/1.1; +https://about.censys.io/)
[2025-07-04T02:50:24.320Z] [INFO] [SERVER] [N/A] ------------------------
[2025-07-04T02:50:24.320Z] [INFO] [SERVER] [N/A] 📤 Response: GET /favicon.ico - 404 (1ms)
[2025-07-04T02:50:32.130Z] [INFO] [SERVER] [N/A] --- Incoming Request ---
[2025-07-04T02:50:32.131Z] [INFO] [SERVER] [N/A] Method: GET
[2025-07-04T02:50:32.131Z] [INFO] [SERVER] [N/A] URL: /pdown
[2025-07-04T02:50:32.131Z] [INFO] [SERVER] [N/A] IP: 206.168.34.78
[2025-07-04T02:50:32.131Z] [INFO] [SERVER] [N/A] User-Agent: Mozilla/5.0 (compatible; CensysInspect/1.1; +https://about.censys.io/)
[2025-07-04T02:50:32.131Z] [INFO] [SERVER] [N/A] ------------------------
[2025-07-04T02:50:32.132Z] [INFO] [SERVER] [N/A] 📤 Response: GET /pdown - 404 (2ms)
[2025-07-04T02:50:44.717Z] [INFO] [SERVER] [N/A] --- Incoming Request ---
[2025-07-04T02:50:44.717Z] [INFO] [SERVER] [N/A] Method: GET
[2025-07-04T02:50:44.717Z] [INFO] [SERVER] [N/A] URL: /.well-known/security.txt
[2025-07-04T02:50:44.717Z] [INFO] [SERVER] [N/A] IP: 206.168.34.78
[2025-07-04T02:50:44.717Z] [INFO] [SERVER] [N/A] User-Agent: Mozilla/5.0 (compatible; CensysInspect/1.1; +https://about.censys.io/)
[2025-07-04T02:50:44.717Z] [INFO] [SERVER] [N/A] ------------------------
[2025-07-04T02:50:44.718Z] [INFO] [SERVER] [N/A] 📤 Response: GET /.well-known/security.txt - 404 (1ms)
[2025-07-04T03:26:51.450Z] [INFO] [SERVER] [N/A] --- Incoming Request ---
[2025-07-04T03:26:51.451Z] [INFO] [SERVER] [N/A] Method: GET
[2025-07-04T03:26:51.451Z] [INFO] [SERVER] [N/A] URL: /
[2025-07-04T03:26:51.451Z] [INFO] [SERVER] [N/A] IP: 64.62.156.94
[2025-07-04T03:26:51.451Z] [INFO] [SERVER] [N/A] User-Agent: Mozilla/5.0 (X11; Linux x86_64) AppleWebKit/537.36 (KHTML, like Gecko) HeadlessChrome/122.0.6261.94 Safari/537.36
[2025-07-04T03:26:51.451Z] [INFO] [SERVER] [N/A] ------------------------
[2025-07-04T03:26:51.452Z] [INFO] [SERVER] [N/A] 📤 Response: GET / - 404 (2ms)
[2025-07-04T03:27:10.095Z] [INFO] [SERVER] [N/A] --- Incoming Request ---
[2025-07-04T03:27:10.095Z] [INFO] [SERVER] [N/A] Method: GET
[2025-07-04T03:27:10.095Z] [INFO] [SERVER] [N/A] URL: /favicon.ico
[2025-07-04T03:27:10.096Z] [INFO] [SERVER] [N/A] IP: 64.62.156.99
[2025-07-04T03:27:10.096Z] [INFO] [SERVER] [N/A] User-Agent: Mozilla/5.0 (Windows NT 10.0; Win64; x64) AppleWebKit/537.36 (KHTML, like Gecko) Chrome/120.0.0.0 Safari/537.36
[2025-07-04T03:27:10.096Z] [INFO] [SERVER] [N/A] ------------------------
[2025-07-04T03:27:10.097Z] [INFO] [SERVER] [N/A] 📤 Response: GET /favicon.ico - 404 (2ms)
[2025-07-04T07:34:58.647Z] [INFO] [SERVER] [N/A] --- Incoming Request ---
[2025-07-04T07:34:58.648Z] [INFO] [SERVER] [N/A] Method: GET
[2025-07-04T07:34:58.648Z] [INFO] [SERVER] [N/A] URL: /
[2025-07-04T07:34:58.648Z] [INFO] [SERVER] [N/A] IP: 3.149.59.26
[2025-07-04T07:34:58.648Z] [INFO] [SERVER] [N/A] User-Agent: Mozilla/5.0 (Macintosh; Intel Mac OS X 10_15_7) Chrome/126.0.0.0 Safari/537.36
[2025-07-04T07:34:58.648Z] [INFO] [SERVER] [N/A] ------------------------
[2025-07-04T07:34:58.649Z] [INFO] [SERVER] [N/A] 📤 Response: GET / - 404 (2ms)
[2025-07-04T07:37:06.382Z] [INFO] [SERVER] [N/A] --- Incoming Request ---
[2025-07-04T07:37:06.382Z] [INFO] [SERVER] [N/A] Method: GET
[2025-07-04T07:37:06.382Z] [INFO] [SERVER] [N/A] URL: /
[2025-07-04T07:37:06.382Z] [INFO] [SERVER] [N/A] IP: 3.149.59.26
[2025-07-04T07:37:06.382Z] [INFO] [SERVER] [N/A] User-Agent: Mozilla/5.0 (Macintosh; Intel Mac OS X 10_15_7) Chrome/126.0.0.0 Safari/537.36
[2025-07-04T07:37:06.382Z] [INFO] [SERVER] [N/A] ------------------------
[2025-07-04T07:37:06.383Z] [INFO] [SERVER] [N/A] 📤 Response: GET / - 404 (2ms)
[2025-07-04T11:17:37.601Z] [INFO] [SERVER] [N/A] --- Incoming Request ---
[2025-07-04T11:17:37.601Z] [INFO] [SERVER] [N/A] Method: GET
[2025-07-04T11:17:37.601Z] [INFO] [SERVER] [N/A] URL: /
[2025-07-04T11:17:37.601Z] [INFO] [SERVER] [N/A] IP: 87.236.176.121
[2025-07-04T11:17:37.601Z] [INFO] [SERVER] [N/A] User-Agent: Mozilla/5.0 (compatible; InternetMeasurement/1.0; +https://internet-measurement.com/)
[2025-07-04T11:17:37.601Z] [INFO] [SERVER] [N/A] ------------------------
[2025-07-04T11:17:37.602Z] [INFO] [SERVER] [N/A] 📤 Response: GET / - 404 (1ms)
