[2025-07-07T00:02:32.361Z] [INFO] [SERVER] [N/A] --- Incoming Request ---
[2025-07-07T00:02:32.361Z] [INFO] [SERVER] [N/A] Method: GET
[2025-07-07T00:02:32.362Z] [INFO] [SERVER] [N/A] URL: /
[2025-07-07T00:02:32.362Z] [INFO] [SERVER] [N/A] IP: 127.0.0.1
[2025-07-07T00:02:32.362Z] [INFO] [SERVER] [N/A] User-Agent: Mozilla/5.0 (Windows NT 6.1) AppleWebKit/537.36 (KHTML, like Gecko) Chrome/71.0.2623.112 Safari/537.36
[2025-07-07T00:02:32.362Z] [INFO] [SERVER] [N/A] ------------------------
[2025-07-07T00:02:32.363Z] [INFO] [SERVER] [N/A] 📤 Response: GET / - 404 (2ms)
[2025-07-07T00:02:32.996Z] [INFO] [SERVER] [N/A] --- Incoming Request ---
[2025-07-07T00:02:32.997Z] [INFO] [SERVER] [N/A] Method: GET
[2025-07-07T00:02:32.997Z] [INFO] [SERVER] [N/A] URL: /
[2025-07-07T00:02:32.997Z] [INFO] [SERVER] [N/A] IP: 127.0.0.1
[2025-07-07T00:02:32.997Z] [INFO] [SERVER] [N/A] User-Agent: Mozilla/5.0 (Windows NT 6.1; WOW64) AppleWebKit/537.36 (KHTML, like Gecko) Chrome/63.0.3239.132 Safari/537.36 QIHU 360SE
[2025-07-07T00:02:32.997Z] [INFO] [SERVER] [N/A] ------------------------
[2025-07-07T00:02:32.999Z] [INFO] [SERVER] [N/A] 📤 Response: GET / - 404 (3ms)
[2025-07-07T00:02:33.613Z] [INFO] [SERVER] [N/A] --- Incoming Request ---
[2025-07-07T00:02:33.614Z] [INFO] [SERVER] [N/A] Method: GET
[2025-07-07T00:02:33.614Z] [INFO] [SERVER] [N/A] URL: /favicon.ico
[2025-07-07T00:02:33.614Z] [INFO] [SERVER] [N/A] IP: 127.0.0.1
[2025-07-07T00:02:33.614Z] [INFO] [SERVER] [N/A] User-Agent: Mozilla/5.0 (Windows NT 6.1; WOW64) AppleWebKit/537.36 (KHTML, like Gecko) Chrome/63.0.3239.132 Safari/537.36 QIHU 360SE
[2025-07-07T00:02:33.614Z] [INFO] [SERVER] [N/A] ------------------------
[2025-07-07T00:02:33.615Z] [INFO] [SERVER] [N/A] 📤 Response: GET /favicon.ico - 404 (2ms)
[2025-07-07T00:02:34.189Z] [INFO] [SERVER] [N/A] --- Incoming Request ---
[2025-07-07T00:02:34.189Z] [INFO] [SERVER] [N/A] Method: GET
[2025-07-07T00:02:34.189Z] [INFO] [SERVER] [N/A] URL: /robots.txt
[2025-07-07T00:02:34.189Z] [INFO] [SERVER] [N/A] IP: 127.0.0.1
[2025-07-07T00:02:34.190Z] [INFO] [SERVER] [N/A] User-Agent: Mozilla/5.0 (Windows NT 6.1; WOW64) AppleWebKit/537.36 (KHTML, like Gecko) Chrome/63.0.3239.132 Safari/537.36 QIHU 360SE
[2025-07-07T00:02:34.190Z] [INFO] [SERVER] [N/A] ------------------------
[2025-07-07T00:02:34.191Z] [INFO] [SERVER] [N/A] 📤 Response: GET /robots.txt - 404 (2ms)
[2025-07-07T00:40:42.098Z] [INFO] [SERVER] [N/A] --- Incoming Request ---
[2025-07-07T00:40:42.098Z] [INFO] [SERVER] [N/A] Method: PROPFIND
[2025-07-07T00:40:42.098Z] [INFO] [SERVER] [N/A] URL: /
[2025-07-07T00:40:42.098Z] [INFO] [SERVER] [N/A] IP: 127.0.0.1
[2025-07-07T00:40:42.098Z] [INFO] [SERVER] [N/A] User-Agent: -
[2025-07-07T00:40:42.098Z] [INFO] [SERVER] [N/A] ------------------------
[2025-07-07T00:40:42.099Z] [INFO] [SERVER] [N/A] 📤 Response: PROPFIND / - 404 (1ms)
[2025-07-07T00:59:10.835Z] [INFO] [SERVER] [N/A] --- Incoming Request ---
[2025-07-07T00:59:10.836Z] [INFO] [SERVER] [N/A] Method: HEAD
[2025-07-07T00:59:10.836Z] [INFO] [SERVER] [N/A] URL: /.env
[2025-07-07T00:59:10.836Z] [INFO] [SERVER] [N/A] IP: 127.0.0.1
[2025-07-07T00:59:10.836Z] [INFO] [SERVER] [N/A] User-Agent: Python/3.13 aiohttp/3.11.18
[2025-07-07T00:59:10.836Z] [INFO] [SERVER] [N/A] ------------------------
[2025-07-07T00:59:10.836Z] [INFO] [SERVER] [N/A] 📤 Response: HEAD /.env - 404 (1ms)
[2025-07-07T00:59:10.905Z] [INFO] [SERVER] [N/A] --- Incoming Request ---
[2025-07-07T00:59:10.905Z] [INFO] [SERVER] [N/A] Method: HEAD
[2025-07-07T00:59:10.905Z] [INFO] [SERVER] [N/A] URL: /.env.local
[2025-07-07T00:59:10.906Z] [INFO] [SERVER] [N/A] IP: 127.0.0.1
[2025-07-07T00:59:10.906Z] [INFO] [SERVER] [N/A] User-Agent: Python/3.13 aiohttp/3.11.18
[2025-07-07T00:59:10.906Z] [INFO] [SERVER] [N/A] ------------------------
[2025-07-07T00:59:10.907Z] [INFO] [SERVER] [N/A] 📤 Response: HEAD /.env.local - 404 (2ms)
[2025-07-07T00:59:10.973Z] [INFO] [SERVER] [N/A] --- Incoming Request ---
[2025-07-07T00:59:10.973Z] [INFO] [SERVER] [N/A] Method: HEAD
[2025-07-07T00:59:10.973Z] [INFO] [SERVER] [N/A] URL: /.env.prod
[2025-07-07T00:59:10.973Z] [INFO] [SERVER] [N/A] IP: 127.0.0.1
[2025-07-07T00:59:10.973Z] [INFO] [SERVER] [N/A] User-Agent: Python/3.13 aiohttp/3.11.18
[2025-07-07T00:59:10.973Z] [INFO] [SERVER] [N/A] ------------------------
[2025-07-07T00:59:10.974Z] [INFO] [SERVER] [N/A] 📤 Response: HEAD /.env.prod - 404 (1ms)
[2025-07-07T00:59:11.079Z] [INFO] [SERVER] [N/A] --- Incoming Request ---
[2025-07-07T00:59:11.079Z] [INFO] [SERVER] [N/A] Method: HEAD
[2025-07-07T00:59:11.079Z] [INFO] [SERVER] [N/A] URL: /.env.dev
[2025-07-07T00:59:11.079Z] [INFO] [SERVER] [N/A] IP: 127.0.0.1
[2025-07-07T00:59:11.080Z] [INFO] [SERVER] [N/A] User-Agent: Python/3.13 aiohttp/3.11.18
[2025-07-07T00:59:11.080Z] [INFO] [SERVER] [N/A] ------------------------
[2025-07-07T00:59:11.080Z] [INFO] [SERVER] [N/A] 📤 Response: HEAD /.env.dev - 404 (1ms)
[2025-07-07T00:59:27.369Z] [INFO] [SERVER] [N/A] --- Incoming Request ---
[2025-07-07T00:59:27.369Z] [INFO] [SERVER] [N/A] Method: HEAD
[2025-07-07T00:59:27.369Z] [INFO] [SERVER] [N/A] URL: /
[2025-07-07T00:59:27.369Z] [INFO] [SERVER] [N/A] IP: 127.0.0.1
[2025-07-07T00:59:27.369Z] [INFO] [SERVER] [N/A] User-Agent: Mozilla/5.0 (Windows NT 10.0; Win64; x64) AppleWebKit/537.36 (KHTML, like Gecko) Chrome/58.0.3029.110 Safari/537.3
[2025-07-07T00:59:27.369Z] [INFO] [SERVER] [N/A] ------------------------
[2025-07-07T00:59:27.370Z] [INFO] [SERVER] [N/A] 📤 Response: HEAD / - 404 (1ms)
[2025-07-07T01:01:07.817Z] [INFO] [SERVER] [N/A] --- Incoming Request ---
[2025-07-07T01:01:07.817Z] [INFO] [SERVER] [N/A] Method: GET
[2025-07-07T01:01:07.818Z] [INFO] [SERVER] [N/A] URL: /
[2025-07-07T01:01:07.818Z] [INFO] [SERVER] [N/A] IP: 127.0.0.1
[2025-07-07T01:01:07.818Z] [INFO] [SERVER] [N/A] User-Agent: Mozilla/5.0 (iPhone; CPU iPhone OS 17_4_1 like Mac OS X) AppleWebKit/605.1.15 (KHTML, like Gecko) CriOS/123.0.6312.52 Mobile/15E148 Safari/604.1
[2025-07-07T01:01:07.818Z] [INFO] [SERVER] [N/A] ------------------------
[2025-07-07T01:01:07.819Z] [INFO] [SERVER] [N/A] 📤 Response: GET / - 404 (2ms)
[2025-07-07T01:02:38.508Z] [INFO] [SERVER] [N/A] --- Incoming Request ---
[2025-07-07T01:02:38.508Z] [INFO] [SERVER] [N/A] Method: GET
[2025-07-07T01:02:38.508Z] [INFO] [SERVER] [N/A] URL: /
[2025-07-07T01:02:38.508Z] [INFO] [SERVER] [N/A] IP: 127.0.0.1
[2025-07-07T01:02:38.508Z] [INFO] [SERVER] [N/A] User-Agent: Mozilla/5.0 (iPhone; CPU iPhone OS 17_4_1 like Mac OS X) AppleWebKit/605.1.15 (KHTML, like Gecko) CriOS/123.0.6312.52 Mobile/15E148 Safari/604.1
[2025-07-07T01:02:38.508Z] [INFO] [SERVER] [N/A] ------------------------
[2025-07-07T01:02:38.509Z] [INFO] [SERVER] [N/A] 📤 Response: GET / - 404 (1ms)
[2025-07-07T01:03:12.394Z] [INFO] [SERVER] [N/A] --- Incoming Request ---
[2025-07-07T01:03:12.394Z] [INFO] [SERVER] [N/A] Method: HEAD
[2025-07-07T01:03:12.394Z] [INFO] [SERVER] [N/A] URL: /
[2025-07-07T01:03:12.394Z] [INFO] [SERVER] [N/A] IP: 127.0.0.1
[2025-07-07T01:03:12.394Z] [INFO] [SERVER] [N/A] User-Agent: Mozilla/5.0 (Windows NT 10.0; Win64; x64) AppleWebKit/537.36 (KHTML, like Gecko) Chrome/91.0.4472.124 Safari/537.36
[2025-07-07T01:03:12.394Z] [INFO] [SERVER] [N/A] ------------------------
[2025-07-07T01:03:12.395Z] [INFO] [SERVER] [N/A] 📤 Response: HEAD / - 404 (1ms)
[2025-07-07T01:10:27.272Z] [INFO] [SERVER] [N/A] --- Incoming Request ---
[2025-07-07T01:10:27.272Z] [INFO] [SERVER] [N/A] Method: GET
[2025-07-07T01:10:27.272Z] [INFO] [SERVER] [N/A] URL: /
[2025-07-07T01:10:27.272Z] [INFO] [SERVER] [N/A] IP: 198.235.24.111
[2025-07-07T01:10:27.272Z] [INFO] [SERVER] [N/A] User-Agent: Expanse, a Palo Alto Networks company, searches across the global IPv4 space multiple times per day to identify customers&#39; presences on the Internet. If you would like to be excluded from our scans, please send IP addresses/domains to: scaninfo@paloaltonetworks.com
[2025-07-07T01:10:27.272Z] [INFO] [SERVER] [N/A] ------------------------
[2025-07-07T01:10:27.273Z] [INFO] [SERVER] [N/A] 📤 Response: GET / - 404 (1ms)
[2025-07-07T01:15:21.176Z] [INFO] [SERVER] [N/A] --- Incoming Request ---
[2025-07-07T01:15:21.176Z] [INFO] [SERVER] [N/A] Method: GET
[2025-07-07T01:15:21.176Z] [INFO] [SERVER] [N/A] URL: /.git/config
[2025-07-07T01:15:21.177Z] [INFO] [SERVER] [N/A] IP: 127.0.0.1
[2025-07-07T01:15:21.177Z] [INFO] [SERVER] [N/A] User-Agent: Opera/9.0 (Macintosh; PPC Mac OS X; U; en)
[2025-07-07T01:15:21.177Z] [INFO] [SERVER] [N/A] ------------------------
[2025-07-07T01:15:21.177Z] [INFO] [SERVER] [N/A] 📤 Response: GET /.git/config - 404 (1ms)
[2025-07-07T01:18:51.340Z] [INFO] [SERVER] [N/A] --- Incoming Request ---
[2025-07-07T01:18:51.341Z] [INFO] [SERVER] [N/A] Method: POST
[2025-07-07T01:18:51.341Z] [INFO] [SERVER] [N/A] URL: /hello.world?%ADd+allow_url_include%3d1+%ADd+auto_prepend_file%3dphp://input
[2025-07-07T01:18:51.341Z] [INFO] [SERVER] [N/A] IP: 127.0.0.1
[2025-07-07T01:18:51.341Z] [INFO] [SERVER] [N/A] User-Agent: Custom-AsyncHttpClient
[2025-07-07T01:18:51.341Z] [INFO] [SERVER] [N/A] ------------------------
[2025-07-07T01:18:51.342Z] [INFO] [SERVER] [N/A] 📤 Response: POST /hello.world?%ADd+allow_url_include%3d1+%ADd+auto_prepend_file%3dphp://input - 404 (2ms)
[2025-07-07T01:18:51.715Z] [INFO] [SERVER] [N/A] --- Incoming Request ---
[2025-07-07T01:18:51.715Z] [INFO] [SERVER] [N/A] Method: GET
[2025-07-07T01:18:51.715Z] [INFO] [SERVER] [N/A] URL: /vendor/phpunit/phpunit/src/Util/PHP/eval-stdin.php
[2025-07-07T01:18:51.715Z] [INFO] [SERVER] [N/A] IP: 127.0.0.1
[2025-07-07T01:18:51.715Z] [INFO] [SERVER] [N/A] User-Agent: Custom-AsyncHttpClient
[2025-07-07T01:18:51.715Z] [INFO] [SERVER] [N/A] ------------------------
[2025-07-07T01:18:51.716Z] [INFO] [SERVER] [N/A] 📤 Response: GET /vendor/phpunit/phpunit/src/Util/PHP/eval-stdin.php - 404 (1ms)
[2025-07-07T01:18:52.045Z] [INFO] [SERVER] [N/A] --- Incoming Request ---
[2025-07-07T01:18:52.045Z] [INFO] [SERVER] [N/A] Method: GET
[2025-07-07T01:18:52.045Z] [INFO] [SERVER] [N/A] URL: /vendor/phpunit/phpunit/Util/PHP/eval-stdin.php
[2025-07-07T01:18:52.045Z] [INFO] [SERVER] [N/A] IP: 127.0.0.1
[2025-07-07T01:18:52.045Z] [INFO] [SERVER] [N/A] User-Agent: Custom-AsyncHttpClient
[2025-07-07T01:18:52.045Z] [INFO] [SERVER] [N/A] ------------------------
[2025-07-07T01:18:52.046Z] [INFO] [SERVER] [N/A] 📤 Response: GET /vendor/phpunit/phpunit/Util/PHP/eval-stdin.php - 404 (1ms)
[2025-07-07T01:18:52.478Z] [INFO] [SERVER] [N/A] --- Incoming Request ---
[2025-07-07T01:18:52.478Z] [INFO] [SERVER] [N/A] Method: GET
[2025-07-07T01:18:52.479Z] [INFO] [SERVER] [N/A] URL: /vendor/phpunit/src/Util/PHP/eval-stdin.php
[2025-07-07T01:18:52.479Z] [INFO] [SERVER] [N/A] IP: 127.0.0.1
[2025-07-07T01:18:52.479Z] [INFO] [SERVER] [N/A] User-Agent: Custom-AsyncHttpClient
[2025-07-07T01:18:52.479Z] [INFO] [SERVER] [N/A] ------------------------
[2025-07-07T01:18:52.480Z] [INFO] [SERVER] [N/A] 📤 Response: GET /vendor/phpunit/src/Util/PHP/eval-stdin.php - 404 (2ms)
[2025-07-07T01:18:52.876Z] [INFO] [SERVER] [N/A] --- Incoming Request ---
[2025-07-07T01:18:52.876Z] [INFO] [SERVER] [N/A] Method: GET
[2025-07-07T01:18:52.876Z] [INFO] [SERVER] [N/A] URL: /vendor/phpunit/Util/PHP/eval-stdin.php
[2025-07-07T01:18:52.876Z] [INFO] [SERVER] [N/A] IP: 127.0.0.1
[2025-07-07T01:18:52.876Z] [INFO] [SERVER] [N/A] User-Agent: Custom-AsyncHttpClient
[2025-07-07T01:18:52.877Z] [INFO] [SERVER] [N/A] ------------------------
[2025-07-07T01:18:52.878Z] [INFO] [SERVER] [N/A] 📤 Response: GET /vendor/phpunit/Util/PHP/eval-stdin.php - 404 (2ms)
[2025-07-07T01:18:53.209Z] [INFO] [SERVER] [N/A] --- Incoming Request ---
[2025-07-07T01:18:53.209Z] [INFO] [SERVER] [N/A] Method: GET
[2025-07-07T01:18:53.209Z] [INFO] [SERVER] [N/A] URL: /vendor/phpunit/phpunit/LICENSE/eval-stdin.php
[2025-07-07T01:18:53.210Z] [INFO] [SERVER] [N/A] IP: 127.0.0.1
[2025-07-07T01:18:53.210Z] [INFO] [SERVER] [N/A] User-Agent: Custom-AsyncHttpClient
[2025-07-07T01:18:53.210Z] [INFO] [SERVER] [N/A] ------------------------
[2025-07-07T01:18:53.210Z] [INFO] [SERVER] [N/A] 📤 Response: GET /vendor/phpunit/phpunit/LICENSE/eval-stdin.php - 404 (1ms)
[2025-07-07T01:18:53.704Z] [INFO] [SERVER] [N/A] --- Incoming Request ---
[2025-07-07T01:18:53.704Z] [INFO] [SERVER] [N/A] Method: GET
[2025-07-07T01:18:53.705Z] [INFO] [SERVER] [N/A] URL: /vendor/vendor/phpunit/phpunit/src/Util/PHP/eval-stdin.php
[2025-07-07T01:18:53.705Z] [INFO] [SERVER] [N/A] IP: 127.0.0.1
[2025-07-07T01:18:53.705Z] [INFO] [SERVER] [N/A] User-Agent: Custom-AsyncHttpClient
[2025-07-07T01:18:53.705Z] [INFO] [SERVER] [N/A] ------------------------
[2025-07-07T01:18:53.706Z] [INFO] [SERVER] [N/A] 📤 Response: GET /vendor/vendor/phpunit/phpunit/src/Util/PHP/eval-stdin.php - 404 (2ms)
[2025-07-07T01:18:54.010Z] [INFO] [SERVER] [N/A] --- Incoming Request ---
[2025-07-07T01:18:54.010Z] [INFO] [SERVER] [N/A] Method: GET
[2025-07-07T01:18:54.010Z] [INFO] [SERVER] [N/A] URL: /phpunit/phpunit/src/Util/PHP/eval-stdin.php
[2025-07-07T01:18:54.010Z] [INFO] [SERVER] [N/A] IP: 127.0.0.1
[2025-07-07T01:18:54.010Z] [INFO] [SERVER] [N/A] User-Agent: Custom-AsyncHttpClient
[2025-07-07T01:18:54.010Z] [INFO] [SERVER] [N/A] ------------------------
[2025-07-07T01:18:54.011Z] [INFO] [SERVER] [N/A] 📤 Response: GET /phpunit/phpunit/src/Util/PHP/eval-stdin.php - 404 (1ms)
[2025-07-07T01:18:54.296Z] [INFO] [SERVER] [N/A] --- Incoming Request ---
[2025-07-07T01:18:54.296Z] [INFO] [SERVER] [N/A] Method: GET
[2025-07-07T01:18:54.296Z] [INFO] [SERVER] [N/A] URL: /phpunit/phpunit/Util/PHP/eval-stdin.php
[2025-07-07T01:18:54.296Z] [INFO] [SERVER] [N/A] IP: 127.0.0.1
[2025-07-07T01:18:54.296Z] [INFO] [SERVER] [N/A] User-Agent: Custom-AsyncHttpClient
[2025-07-07T01:18:54.296Z] [INFO] [SERVER] [N/A] ------------------------
[2025-07-07T01:18:54.297Z] [INFO] [SERVER] [N/A] 📤 Response: GET /phpunit/phpunit/Util/PHP/eval-stdin.php - 404 (1ms)
[2025-07-07T01:18:54.534Z] [INFO] [SERVER] [N/A] --- Incoming Request ---
[2025-07-07T01:18:54.535Z] [INFO] [SERVER] [N/A] Method: GET
[2025-07-07T01:18:54.535Z] [INFO] [SERVER] [N/A] URL: /phpunit/src/Util/PHP/eval-stdin.php
[2025-07-07T01:18:54.535Z] [INFO] [SERVER] [N/A] IP: 127.0.0.1
[2025-07-07T01:18:54.535Z] [INFO] [SERVER] [N/A] User-Agent: Custom-AsyncHttpClient
[2025-07-07T01:18:54.535Z] [INFO] [SERVER] [N/A] ------------------------
[2025-07-07T01:18:54.536Z] [INFO] [SERVER] [N/A] 📤 Response: GET /phpunit/src/Util/PHP/eval-stdin.php - 404 (2ms)
[2025-07-07T01:18:54.964Z] [INFO] [SERVER] [N/A] --- Incoming Request ---
[2025-07-07T01:18:54.965Z] [INFO] [SERVER] [N/A] Method: GET
[2025-07-07T01:18:54.965Z] [INFO] [SERVER] [N/A] URL: /phpunit/Util/PHP/eval-stdin.php
[2025-07-07T01:18:54.965Z] [INFO] [SERVER] [N/A] IP: 127.0.0.1
[2025-07-07T01:18:54.965Z] [INFO] [SERVER] [N/A] User-Agent: Custom-AsyncHttpClient
[2025-07-07T01:18:54.965Z] [INFO] [SERVER] [N/A] ------------------------
[2025-07-07T01:18:54.966Z] [INFO] [SERVER] [N/A] 📤 Response: GET /phpunit/Util/PHP/eval-stdin.php - 404 (2ms)
[2025-07-07T01:18:55.515Z] [INFO] [SERVER] [N/A] --- Incoming Request ---
[2025-07-07T01:18:55.515Z] [INFO] [SERVER] [N/A] Method: GET
[2025-07-07T01:18:55.515Z] [INFO] [SERVER] [N/A] URL: /lib/phpunit/phpunit/src/Util/PHP/eval-stdin.php
[2025-07-07T01:18:55.515Z] [INFO] [SERVER] [N/A] IP: 127.0.0.1
[2025-07-07T01:18:55.515Z] [INFO] [SERVER] [N/A] User-Agent: Custom-AsyncHttpClient
[2025-07-07T01:18:55.515Z] [INFO] [SERVER] [N/A] ------------------------
[2025-07-07T01:18:55.519Z] [INFO] [SERVER] [N/A] 📤 Response: GET /lib/phpunit/phpunit/src/Util/PHP/eval-stdin.php - 404 (4ms)
[2025-07-07T01:18:55.856Z] [INFO] [SERVER] [N/A] --- Incoming Request ---
[2025-07-07T01:18:55.856Z] [INFO] [SERVER] [N/A] Method: GET
[2025-07-07T01:18:55.856Z] [INFO] [SERVER] [N/A] URL: /lib/phpunit/phpunit/Util/PHP/eval-stdin.php
[2025-07-07T01:18:55.857Z] [INFO] [SERVER] [N/A] IP: 127.0.0.1
[2025-07-07T01:18:55.857Z] [INFO] [SERVER] [N/A] User-Agent: Custom-AsyncHttpClient
[2025-07-07T01:18:55.857Z] [INFO] [SERVER] [N/A] ------------------------
[2025-07-07T01:18:55.857Z] [INFO] [SERVER] [N/A] 📤 Response: GET /lib/phpunit/phpunit/Util/PHP/eval-stdin.php - 404 (1ms)
[2025-07-07T01:18:56.596Z] [INFO] [SERVER] [N/A] --- Incoming Request ---
[2025-07-07T01:18:56.596Z] [INFO] [SERVER] [N/A] Method: GET
[2025-07-07T01:18:56.596Z] [INFO] [SERVER] [N/A] URL: /lib/phpunit/src/Util/PHP/eval-stdin.php
[2025-07-07T01:18:56.596Z] [INFO] [SERVER] [N/A] IP: 127.0.0.1
[2025-07-07T01:18:56.596Z] [INFO] [SERVER] [N/A] User-Agent: Custom-AsyncHttpClient
[2025-07-07T01:18:56.596Z] [INFO] [SERVER] [N/A] ------------------------
[2025-07-07T01:18:56.597Z] [INFO] [SERVER] [N/A] 📤 Response: GET /lib/phpunit/src/Util/PHP/eval-stdin.php - 404 (1ms)
[2025-07-07T01:18:57.232Z] [INFO] [SERVER] [N/A] --- Incoming Request ---
[2025-07-07T01:18:57.233Z] [INFO] [SERVER] [N/A] Method: GET
[2025-07-07T01:18:57.233Z] [INFO] [SERVER] [N/A] URL: /lib/phpunit/Util/PHP/eval-stdin.php
[2025-07-07T01:18:57.233Z] [INFO] [SERVER] [N/A] IP: 127.0.0.1
[2025-07-07T01:18:57.233Z] [INFO] [SERVER] [N/A] User-Agent: Custom-AsyncHttpClient
[2025-07-07T01:18:57.233Z] [INFO] [SERVER] [N/A] ------------------------
[2025-07-07T01:18:57.234Z] [INFO] [SERVER] [N/A] 📤 Response: GET /lib/phpunit/Util/PHP/eval-stdin.php - 404 (2ms)
[2025-07-07T01:18:57.702Z] [INFO] [SERVER] [N/A] --- Incoming Request ---
[2025-07-07T01:18:57.703Z] [INFO] [SERVER] [N/A] Method: GET
[2025-07-07T01:18:57.703Z] [INFO] [SERVER] [N/A] URL: /lib/vendor/phpunit/phpunit/src/Util/PHP/eval-stdin.php
[2025-07-07T01:18:57.703Z] [INFO] [SERVER] [N/A] IP: 127.0.0.1
[2025-07-07T01:18:57.703Z] [INFO] [SERVER] [N/A] User-Agent: Custom-AsyncHttpClient
[2025-07-07T01:18:57.703Z] [INFO] [SERVER] [N/A] ------------------------
[2025-07-07T01:18:57.704Z] [INFO] [SERVER] [N/A] 📤 Response: GET /lib/vendor/phpunit/phpunit/src/Util/PHP/eval-stdin.php - 404 (2ms)
[2025-07-07T01:18:58.270Z] [INFO] [SERVER] [N/A] --- Incoming Request ---
[2025-07-07T01:18:58.270Z] [INFO] [SERVER] [N/A] Method: GET
[2025-07-07T01:18:58.271Z] [INFO] [SERVER] [N/A] URL: /laravel/vendor/phpunit/phpunit/src/Util/PHP/eval-stdin.php
[2025-07-07T01:18:58.271Z] [INFO] [SERVER] [N/A] IP: 127.0.0.1
[2025-07-07T01:18:58.271Z] [INFO] [SERVER] [N/A] User-Agent: Custom-AsyncHttpClient
[2025-07-07T01:18:58.271Z] [INFO] [SERVER] [N/A] ------------------------
[2025-07-07T01:18:58.271Z] [INFO] [SERVER] [N/A] 📤 Response: GET /laravel/vendor/phpunit/phpunit/src/Util/PHP/eval-stdin.php - 404 (1ms)
[2025-07-07T01:18:58.806Z] [INFO] [SERVER] [N/A] --- Incoming Request ---
[2025-07-07T01:18:58.806Z] [INFO] [SERVER] [N/A] Method: GET
[2025-07-07T01:18:58.806Z] [INFO] [SERVER] [N/A] URL: /www/vendor/phpunit/phpunit/src/Util/PHP/eval-stdin.php
[2025-07-07T01:18:58.806Z] [INFO] [SERVER] [N/A] IP: 127.0.0.1
[2025-07-07T01:18:58.806Z] [INFO] [SERVER] [N/A] User-Agent: Custom-AsyncHttpClient
[2025-07-07T01:18:58.806Z] [INFO] [SERVER] [N/A] ------------------------
[2025-07-07T01:18:58.807Z] [INFO] [SERVER] [N/A] 📤 Response: GET /www/vendor/phpunit/phpunit/src/Util/PHP/eval-stdin.php - 404 (1ms)
[2025-07-07T01:18:59.538Z] [INFO] [SERVER] [N/A] --- Incoming Request ---
[2025-07-07T01:18:59.539Z] [INFO] [SERVER] [N/A] Method: GET
[2025-07-07T01:18:59.539Z] [INFO] [SERVER] [N/A] URL: /ws/vendor/phpunit/phpunit/src/Util/PHP/eval-stdin.php
[2025-07-07T01:18:59.539Z] [INFO] [SERVER] [N/A] IP: 127.0.0.1
[2025-07-07T01:18:59.539Z] [INFO] [SERVER] [N/A] User-Agent: Custom-AsyncHttpClient
[2025-07-07T01:18:59.539Z] [INFO] [SERVER] [N/A] ------------------------
[2025-07-07T01:18:59.539Z] [INFO] [SERVER] [N/A] 📤 Response: GET /ws/vendor/phpunit/phpunit/src/Util/PHP/eval-stdin.php - 404 (1ms)
[2025-07-07T01:19:00.016Z] [INFO] [SERVER] [N/A] --- Incoming Request ---
[2025-07-07T01:19:00.016Z] [INFO] [SERVER] [N/A] Method: GET
[2025-07-07T01:19:00.016Z] [INFO] [SERVER] [N/A] URL: /yii/vendor/phpunit/phpunit/src/Util/PHP/eval-stdin.php
[2025-07-07T01:19:00.017Z] [INFO] [SERVER] [N/A] IP: 127.0.0.1
[2025-07-07T01:19:00.017Z] [INFO] [SERVER] [N/A] User-Agent: Custom-AsyncHttpClient
[2025-07-07T01:19:00.017Z] [INFO] [SERVER] [N/A] ------------------------
[2025-07-07T01:19:00.018Z] [INFO] [SERVER] [N/A] 📤 Response: GET /yii/vendor/phpunit/phpunit/src/Util/PHP/eval-stdin.php - 404 (2ms)
[2025-07-07T01:19:00.545Z] [INFO] [SERVER] [N/A] --- Incoming Request ---
[2025-07-07T01:19:00.546Z] [INFO] [SERVER] [N/A] Method: GET
[2025-07-07T01:19:00.546Z] [INFO] [SERVER] [N/A] URL: /zend/vendor/phpunit/phpunit/src/Util/PHP/eval-stdin.php
[2025-07-07T01:19:00.546Z] [INFO] [SERVER] [N/A] IP: 127.0.0.1
[2025-07-07T01:19:00.546Z] [INFO] [SERVER] [N/A] User-Agent: Custom-AsyncHttpClient
[2025-07-07T01:19:00.546Z] [INFO] [SERVER] [N/A] ------------------------
[2025-07-07T01:19:00.547Z] [INFO] [SERVER] [N/A] 📤 Response: GET /zend/vendor/phpunit/phpunit/src/Util/PHP/eval-stdin.php - 404 (2ms)
[2025-07-07T01:19:01.208Z] [INFO] [SERVER] [N/A] --- Incoming Request ---
[2025-07-07T01:19:01.208Z] [INFO] [SERVER] [N/A] Method: GET
[2025-07-07T01:19:01.208Z] [INFO] [SERVER] [N/A] URL: /ws/ec/vendor/phpunit/phpunit/src/Util/PHP/eval-stdin.php
[2025-07-07T01:19:01.208Z] [INFO] [SERVER] [N/A] IP: 127.0.0.1
[2025-07-07T01:19:01.208Z] [INFO] [SERVER] [N/A] User-Agent: Custom-AsyncHttpClient
[2025-07-07T01:19:01.208Z] [INFO] [SERVER] [N/A] ------------------------
[2025-07-07T01:19:01.209Z] [INFO] [SERVER] [N/A] 📤 Response: GET /ws/ec/vendor/phpunit/phpunit/src/Util/PHP/eval-stdin.php - 404 (1ms)
[2025-07-07T01:19:01.759Z] [INFO] [SERVER] [N/A] --- Incoming Request ---
[2025-07-07T01:19:01.759Z] [INFO] [SERVER] [N/A] Method: GET
[2025-07-07T01:19:01.759Z] [INFO] [SERVER] [N/A] URL: /V2/vendor/phpunit/phpunit/src/Util/PHP/eval-stdin.php
[2025-07-07T01:19:01.759Z] [INFO] [SERVER] [N/A] IP: 127.0.0.1
[2025-07-07T01:19:01.759Z] [INFO] [SERVER] [N/A] User-Agent: Custom-AsyncHttpClient
[2025-07-07T01:19:01.759Z] [INFO] [SERVER] [N/A] ------------------------
[2025-07-07T01:19:01.761Z] [INFO] [SERVER] [N/A] 📤 Response: GET /V2/vendor/phpunit/phpunit/src/Util/PHP/eval-stdin.php - 404 (1ms)
[2025-07-07T01:19:02.374Z] [INFO] [SERVER] [N/A] --- Incoming Request ---
[2025-07-07T01:19:02.374Z] [INFO] [SERVER] [N/A] Method: GET
[2025-07-07T01:19:02.374Z] [INFO] [SERVER] [N/A] URL: /tests/vendor/phpunit/phpunit/src/Util/PHP/eval-stdin.php
[2025-07-07T01:19:02.374Z] [INFO] [SERVER] [N/A] IP: 127.0.0.1
[2025-07-07T01:19:02.374Z] [INFO] [SERVER] [N/A] User-Agent: Custom-AsyncHttpClient
[2025-07-07T01:19:02.374Z] [INFO] [SERVER] [N/A] ------------------------
[2025-07-07T01:19:02.375Z] [INFO] [SERVER] [N/A] 📤 Response: GET /tests/vendor/phpunit/phpunit/src/Util/PHP/eval-stdin.php - 404 (1ms)
[2025-07-07T01:19:02.794Z] [INFO] [SERVER] [N/A] --- Incoming Request ---
[2025-07-07T01:19:02.795Z] [INFO] [SERVER] [N/A] Method: GET
[2025-07-07T01:19:02.795Z] [INFO] [SERVER] [N/A] URL: /test/vendor/phpunit/phpunit/src/Util/PHP/eval-stdin.php
[2025-07-07T01:19:02.795Z] [INFO] [SERVER] [N/A] IP: 127.0.0.1
[2025-07-07T01:19:02.795Z] [INFO] [SERVER] [N/A] User-Agent: Custom-AsyncHttpClient
[2025-07-07T01:19:02.795Z] [INFO] [SERVER] [N/A] ------------------------
[2025-07-07T01:19:02.797Z] [INFO] [SERVER] [N/A] 📤 Response: GET /test/vendor/phpunit/phpunit/src/Util/PHP/eval-stdin.php - 404 (3ms)
[2025-07-07T01:19:03.264Z] [INFO] [SERVER] [N/A] --- Incoming Request ---
[2025-07-07T01:19:03.264Z] [INFO] [SERVER] [N/A] Method: GET
[2025-07-07T01:19:03.265Z] [INFO] [SERVER] [N/A] URL: /testing/vendor/phpunit/phpunit/src/Util/PHP/eval-stdin.php
[2025-07-07T01:19:03.265Z] [INFO] [SERVER] [N/A] IP: 127.0.0.1
[2025-07-07T01:19:03.265Z] [INFO] [SERVER] [N/A] User-Agent: Custom-AsyncHttpClient
[2025-07-07T01:19:03.265Z] [INFO] [SERVER] [N/A] ------------------------
[2025-07-07T01:19:03.266Z] [INFO] [SERVER] [N/A] 📤 Response: GET /testing/vendor/phpunit/phpunit/src/Util/PHP/eval-stdin.php - 404 (2ms)
[2025-07-07T01:19:04.034Z] [INFO] [SERVER] [N/A] --- Incoming Request ---
[2025-07-07T01:19:04.035Z] [INFO] [SERVER] [N/A] Method: GET
[2025-07-07T01:19:04.035Z] [INFO] [SERVER] [N/A] URL: /api/vendor/phpunit/phpunit/src/Util/PHP/eval-stdin.php
[2025-07-07T01:19:04.035Z] [INFO] [SERVER] [N/A] IP: 127.0.0.1
[2025-07-07T01:19:04.035Z] [INFO] [SERVER] [N/A] User-Agent: Custom-AsyncHttpClient
[2025-07-07T01:19:04.035Z] [INFO] [SERVER] [N/A] ------------------------
[2025-07-07T01:19:04.035Z] [INFO] [SERVER] [N/A] 📤 Response: GET /api/vendor/phpunit/phpunit/src/Util/PHP/eval-stdin.php - 404 (1ms)
[2025-07-07T01:19:04.537Z] [INFO] [SERVER] [N/A] --- Incoming Request ---
[2025-07-07T01:19:04.538Z] [INFO] [SERVER] [N/A] Method: GET
[2025-07-07T01:19:04.538Z] [INFO] [SERVER] [N/A] URL: /demo/vendor/phpunit/phpunit/src/Util/PHP/eval-stdin.php
[2025-07-07T01:19:04.538Z] [INFO] [SERVER] [N/A] IP: 127.0.0.1
[2025-07-07T01:19:04.538Z] [INFO] [SERVER] [N/A] User-Agent: Custom-AsyncHttpClient
[2025-07-07T01:19:04.538Z] [INFO] [SERVER] [N/A] ------------------------
[2025-07-07T01:19:04.538Z] [INFO] [SERVER] [N/A] 📤 Response: GET /demo/vendor/phpunit/phpunit/src/Util/PHP/eval-stdin.php - 404 (1ms)
[2025-07-07T01:19:04.974Z] [INFO] [SERVER] [N/A] --- Incoming Request ---
[2025-07-07T01:19:04.974Z] [INFO] [SERVER] [N/A] Method: GET
[2025-07-07T01:19:04.975Z] [INFO] [SERVER] [N/A] URL: /cms/vendor/phpunit/phpunit/src/Util/PHP/eval-stdin.php
[2025-07-07T01:19:04.975Z] [INFO] [SERVER] [N/A] IP: 127.0.0.1
[2025-07-07T01:19:04.975Z] [INFO] [SERVER] [N/A] User-Agent: Custom-AsyncHttpClient
[2025-07-07T01:19:04.975Z] [INFO] [SERVER] [N/A] ------------------------
[2025-07-07T01:19:04.975Z] [INFO] [SERVER] [N/A] 📤 Response: GET /cms/vendor/phpunit/phpunit/src/Util/PHP/eval-stdin.php - 404 (1ms)
[2025-07-07T01:19:05.370Z] [INFO] [SERVER] [N/A] --- Incoming Request ---
[2025-07-07T01:19:05.370Z] [INFO] [SERVER] [N/A] Method: GET
[2025-07-07T01:19:05.370Z] [INFO] [SERVER] [N/A] URL: /crm/vendor/phpunit/phpunit/src/Util/PHP/eval-stdin.php
[2025-07-07T01:19:05.370Z] [INFO] [SERVER] [N/A] IP: 127.0.0.1
[2025-07-07T01:19:05.370Z] [INFO] [SERVER] [N/A] User-Agent: Custom-AsyncHttpClient
[2025-07-07T01:19:05.370Z] [INFO] [SERVER] [N/A] ------------------------
[2025-07-07T01:19:05.371Z] [INFO] [SERVER] [N/A] 📤 Response: GET /crm/vendor/phpunit/phpunit/src/Util/PHP/eval-stdin.php - 404 (1ms)
[2025-07-07T01:19:05.769Z] [INFO] [SERVER] [N/A] --- Incoming Request ---
[2025-07-07T01:19:05.770Z] [INFO] [SERVER] [N/A] Method: GET
[2025-07-07T01:19:05.770Z] [INFO] [SERVER] [N/A] URL: /admin/vendor/phpunit/phpunit/src/Util/PHP/eval-stdin.php
[2025-07-07T01:19:05.770Z] [INFO] [SERVER] [N/A] IP: 127.0.0.1
[2025-07-07T01:19:05.770Z] [INFO] [SERVER] [N/A] User-Agent: Custom-AsyncHttpClient
[2025-07-07T01:19:05.770Z] [INFO] [SERVER] [N/A] ------------------------
[2025-07-07T01:19:05.770Z] [INFO] [SERVER] [N/A] 📤 Response: GET /admin/vendor/phpunit/phpunit/src/Util/PHP/eval-stdin.php - 404 (1ms)
[2025-07-07T01:19:06.206Z] [INFO] [SERVER] [N/A] --- Incoming Request ---
[2025-07-07T01:19:06.206Z] [INFO] [SERVER] [N/A] Method: GET
[2025-07-07T01:19:06.206Z] [INFO] [SERVER] [N/A] URL: /backup/vendor/phpunit/phpunit/src/Util/PHP/eval-stdin.php
[2025-07-07T01:19:06.206Z] [INFO] [SERVER] [N/A] IP: 127.0.0.1
[2025-07-07T01:19:06.206Z] [INFO] [SERVER] [N/A] User-Agent: Custom-AsyncHttpClient
[2025-07-07T01:19:06.206Z] [INFO] [SERVER] [N/A] ------------------------
[2025-07-07T01:19:06.207Z] [INFO] [SERVER] [N/A] 📤 Response: GET /backup/vendor/phpunit/phpunit/src/Util/PHP/eval-stdin.php - 404 (1ms)
[2025-07-07T01:19:06.655Z] [INFO] [SERVER] [N/A] --- Incoming Request ---
[2025-07-07T01:19:06.655Z] [INFO] [SERVER] [N/A] Method: GET
[2025-07-07T01:19:06.656Z] [INFO] [SERVER] [N/A] URL: /blog/vendor/phpunit/phpunit/src/Util/PHP/eval-stdin.php
[2025-07-07T01:19:06.656Z] [INFO] [SERVER] [N/A] IP: 127.0.0.1
[2025-07-07T01:19:06.656Z] [INFO] [SERVER] [N/A] User-Agent: Custom-AsyncHttpClient
[2025-07-07T01:19:06.656Z] [INFO] [SERVER] [N/A] ------------------------
[2025-07-07T01:19:06.657Z] [INFO] [SERVER] [N/A] 📤 Response: GET /blog/vendor/phpunit/phpunit/src/Util/PHP/eval-stdin.php - 404 (2ms)
[2025-07-07T01:19:07.157Z] [INFO] [SERVER] [N/A] --- Incoming Request ---
[2025-07-07T01:19:07.157Z] [INFO] [SERVER] [N/A] Method: GET
[2025-07-07T01:19:07.157Z] [INFO] [SERVER] [N/A] URL: /workspace/drupal/vendor/phpunit/phpunit/src/Util/PHP/eval-stdin.php
[2025-07-07T01:19:07.157Z] [INFO] [SERVER] [N/A] IP: 127.0.0.1
[2025-07-07T01:19:07.157Z] [INFO] [SERVER] [N/A] User-Agent: Custom-AsyncHttpClient
[2025-07-07T01:19:07.157Z] [INFO] [SERVER] [N/A] ------------------------
[2025-07-07T01:19:07.158Z] [INFO] [SERVER] [N/A] 📤 Response: GET /workspace/drupal/vendor/phpunit/phpunit/src/Util/PHP/eval-stdin.php - 404 (1ms)
[2025-07-07T01:19:07.647Z] [INFO] [SERVER] [N/A] --- Incoming Request ---
[2025-07-07T01:19:07.647Z] [INFO] [SERVER] [N/A] Method: GET
[2025-07-07T01:19:07.648Z] [INFO] [SERVER] [N/A] URL: /panel/vendor/phpunit/phpunit/src/Util/PHP/eval-stdin.php
[2025-07-07T01:19:07.648Z] [INFO] [SERVER] [N/A] IP: 127.0.0.1
[2025-07-07T01:19:07.648Z] [INFO] [SERVER] [N/A] User-Agent: Custom-AsyncHttpClient
[2025-07-07T01:19:07.648Z] [INFO] [SERVER] [N/A] ------------------------
[2025-07-07T01:19:07.650Z] [INFO] [SERVER] [N/A] 📤 Response: GET /panel/vendor/phpunit/phpunit/src/Util/PHP/eval-stdin.php - 404 (3ms)
[2025-07-07T01:19:08.086Z] [INFO] [SERVER] [N/A] --- Incoming Request ---
[2025-07-07T01:19:08.086Z] [INFO] [SERVER] [N/A] Method: GET
[2025-07-07T01:19:08.086Z] [INFO] [SERVER] [N/A] URL: /public/vendor/phpunit/phpunit/src/Util/PHP/eval-stdin.php
[2025-07-07T01:19:08.087Z] [INFO] [SERVER] [N/A] IP: 127.0.0.1
[2025-07-07T01:19:08.087Z] [INFO] [SERVER] [N/A] User-Agent: Custom-AsyncHttpClient
[2025-07-07T01:19:08.087Z] [INFO] [SERVER] [N/A] ------------------------
[2025-07-07T01:19:08.087Z] [INFO] [SERVER] [N/A] 📤 Response: GET /public/vendor/phpunit/phpunit/src/Util/PHP/eval-stdin.php - 404 (1ms)
[2025-07-07T01:19:08.558Z] [INFO] [SERVER] [N/A] --- Incoming Request ---
[2025-07-07T01:19:08.559Z] [INFO] [SERVER] [N/A] Method: GET
[2025-07-07T01:19:08.559Z] [INFO] [SERVER] [N/A] URL: /apps/vendor/phpunit/phpunit/src/Util/PHP/eval-stdin.php
[2025-07-07T01:19:08.559Z] [INFO] [SERVER] [N/A] IP: 127.0.0.1
[2025-07-07T01:19:08.559Z] [INFO] [SERVER] [N/A] User-Agent: Custom-AsyncHttpClient
[2025-07-07T01:19:08.559Z] [INFO] [SERVER] [N/A] ------------------------
[2025-07-07T01:19:08.561Z] [INFO] [SERVER] [N/A] 📤 Response: GET /apps/vendor/phpunit/phpunit/src/Util/PHP/eval-stdin.php - 404 (3ms)
[2025-07-07T01:19:09.201Z] [INFO] [SERVER] [N/A] --- Incoming Request ---
[2025-07-07T01:19:09.201Z] [INFO] [SERVER] [N/A] Method: GET
[2025-07-07T01:19:09.201Z] [INFO] [SERVER] [N/A] URL: /app/vendor/phpunit/phpunit/src/Util/PHP/eval-stdin.php
[2025-07-07T01:19:09.201Z] [INFO] [SERVER] [N/A] IP: 127.0.0.1
[2025-07-07T01:19:09.201Z] [INFO] [SERVER] [N/A] User-Agent: Custom-AsyncHttpClient
[2025-07-07T01:19:09.201Z] [INFO] [SERVER] [N/A] ------------------------
[2025-07-07T01:19:09.203Z] [INFO] [SERVER] [N/A] 📤 Response: GET /app/vendor/phpunit/phpunit/src/Util/PHP/eval-stdin.php - 404 (2ms)
[2025-07-07T01:19:09.714Z] [INFO] [SERVER] [N/A] --- Incoming Request ---
[2025-07-07T01:19:09.715Z] [INFO] [SERVER] [N/A] Method: GET
[2025-07-07T01:19:09.715Z] [INFO] [SERVER] [N/A] URL: /index.php?s=/index/\think\app/invokefunction&function=call_user_func_array&vars[0]=md5&vars[1][]=Hello
[2025-07-07T01:19:09.715Z] [INFO] [SERVER] [N/A] IP: 127.0.0.1
[2025-07-07T01:19:09.715Z] [INFO] [SERVER] [N/A] User-Agent: Custom-AsyncHttpClient
[2025-07-07T01:19:09.715Z] [INFO] [SERVER] [N/A] ------------------------
[2025-07-07T01:19:09.716Z] [INFO] [SERVER] [N/A] 📤 Response: GET /index.php?s=/index/\think\app/invokefunction&function=call_user_func_array&vars[0]=md5&vars[1][]=Hello - 404 (2ms)
[2025-07-07T01:19:10.394Z] [INFO] [SERVER] [N/A] --- Incoming Request ---
[2025-07-07T01:19:10.394Z] [INFO] [SERVER] [N/A] Method: GET
[2025-07-07T01:19:10.394Z] [INFO] [SERVER] [N/A] URL: /public/index.php?s=/index/\think\app/invokefunction&function=call_user_func_array&vars[0]=md5&vars[1][]=Hello
[2025-07-07T01:19:10.394Z] [INFO] [SERVER] [N/A] IP: 127.0.0.1
[2025-07-07T01:19:10.394Z] [INFO] [SERVER] [N/A] User-Agent: Custom-AsyncHttpClient
[2025-07-07T01:19:10.394Z] [INFO] [SERVER] [N/A] ------------------------
[2025-07-07T01:19:10.395Z] [INFO] [SERVER] [N/A] 📤 Response: GET /public/index.php?s=/index/\think\app/invokefunction&function=call_user_func_array&vars[0]=md5&vars[1][]=Hello - 404 (1ms)
[2025-07-07T01:19:11.013Z] [INFO] [SERVER] [N/A] --- Incoming Request ---
[2025-07-07T01:19:11.013Z] [INFO] [SERVER] [N/A] Method: GET
[2025-07-07T01:19:11.013Z] [INFO] [SERVER] [N/A] URL: /index.php?lang=../../../../../../../../usr/local/lib/php/pearcmd&+config-create+/&/<?echo(md5("hi"));?>+/tmp/index1.php
[2025-07-07T01:19:11.013Z] [INFO] [SERVER] [N/A] IP: 127.0.0.1
[2025-07-07T01:19:11.013Z] [INFO] [SERVER] [N/A] User-Agent: Custom-AsyncHttpClient
[2025-07-07T01:19:11.013Z] [INFO] [SERVER] [N/A] ------------------------
[2025-07-07T01:19:11.014Z] [INFO] [SERVER] [N/A] 📤 Response: GET /index.php?lang=../../../../../../../../usr/local/lib/php/pearcmd&+config-create+/&/<?echo(md5("hi"));?>+/tmp/index1.php - 404 (1ms)
[2025-07-07T01:19:11.333Z] [INFO] [SERVER] [N/A] --- Incoming Request ---
[2025-07-07T01:19:11.334Z] [INFO] [SERVER] [N/A] Method: GET
[2025-07-07T01:19:11.334Z] [INFO] [SERVER] [N/A] URL: /index.php?lang=../../../../../../../../tmp/index1
[2025-07-07T01:19:11.334Z] [INFO] [SERVER] [N/A] IP: 127.0.0.1
[2025-07-07T01:19:11.334Z] [INFO] [SERVER] [N/A] User-Agent: Custom-AsyncHttpClient
[2025-07-07T01:19:11.334Z] [INFO] [SERVER] [N/A] ------------------------
[2025-07-07T01:19:11.335Z] [INFO] [SERVER] [N/A] 📤 Response: GET /index.php?lang=../../../../../../../../tmp/index1 - 404 (2ms)
[2025-07-07T01:19:11.804Z] [INFO] [SERVER] [N/A] --- Incoming Request ---
[2025-07-07T01:19:11.804Z] [INFO] [SERVER] [N/A] Method: GET
[2025-07-07T01:19:11.805Z] [INFO] [SERVER] [N/A] URL: /containers/json
[2025-07-07T01:19:11.805Z] [INFO] [SERVER] [N/A] IP: 127.0.0.1
[2025-07-07T01:19:11.805Z] [INFO] [SERVER] [N/A] User-Agent: Custom-AsyncHttpClient
[2025-07-07T01:19:11.805Z] [INFO] [SERVER] [N/A] ------------------------
[2025-07-07T01:19:11.805Z] [INFO] [SERVER] [N/A] 📤 Response: GET /containers/json - 404 (1ms)
[2025-07-07T01:36:22.191Z] [INFO] [SERVER] [N/A] --- Incoming Request ---
[2025-07-07T01:36:22.191Z] [INFO] [SERVER] [N/A] Method: GET
[2025-07-07T01:36:22.191Z] [INFO] [SERVER] [N/A] URL: /ecosystem.config.js
[2025-07-07T01:36:22.191Z] [INFO] [SERVER] [N/A] IP: 193.24.211.237
[2025-07-07T01:36:22.191Z] [INFO] [SERVER] [N/A] User-Agent: Go-http-client/1.1
[2025-07-07T01:36:22.191Z] [INFO] [SERVER] [N/A] ------------------------
[2025-07-07T01:36:22.192Z] [INFO] [SERVER] [N/A] 📤 Response: GET /ecosystem.config.js - 404 (1ms)
[2025-07-07T01:36:25.023Z] [INFO] [SERVER] [N/A] --- Incoming Request ---
[2025-07-07T01:36:25.023Z] [INFO] [SERVER] [N/A] Method: GET
[2025-07-07T01:36:25.023Z] [INFO] [SERVER] [N/A] URL: /ecosystem.config.js
[2025-07-07T01:36:25.023Z] [INFO] [SERVER] [N/A] IP: 127.0.0.1
[2025-07-07T01:36:25.023Z] [INFO] [SERVER] [N/A] User-Agent: Go-http-client/1.1
[2025-07-07T01:36:25.023Z] [INFO] [SERVER] [N/A] ------------------------
[2025-07-07T01:36:25.024Z] [INFO] [SERVER] [N/A] 📤 Response: GET /ecosystem.config.js - 404 (1ms)
[2025-07-07T01:38:41.870Z] [INFO] [SERVER] [N/A] --- Incoming Request ---
[2025-07-07T01:38:41.870Z] [INFO] [SERVER] [N/A] Method: GET
[2025-07-07T01:38:41.870Z] [INFO] [SERVER] [N/A] URL: /pm2.config.js
[2025-07-07T01:38:41.871Z] [INFO] [SERVER] [N/A] IP: 193.24.211.246
[2025-07-07T01:38:41.871Z] [INFO] [SERVER] [N/A] User-Agent: Go-http-client/1.1
[2025-07-07T01:38:41.871Z] [INFO] [SERVER] [N/A] ------------------------
[2025-07-07T01:38:41.872Z] [INFO] [SERVER] [N/A] 📤 Response: GET /pm2.config.js - 404 (2ms)
[2025-07-07T01:38:41.934Z] [INFO] [SERVER] [N/A] --- Incoming Request ---
[2025-07-07T01:38:41.934Z] [INFO] [SERVER] [N/A] Method: GET
[2025-07-07T01:38:41.935Z] [INFO] [SERVER] [N/A] URL: /pm2.config.js
[2025-07-07T01:38:41.935Z] [INFO] [SERVER] [N/A] IP: 127.0.0.1
[2025-07-07T01:38:41.935Z] [INFO] [SERVER] [N/A] User-Agent: Go-http-client/1.1
[2025-07-07T01:38:41.935Z] [INFO] [SERVER] [N/A] ------------------------
[2025-07-07T01:38:41.936Z] [INFO] [SERVER] [N/A] 📤 Response: GET /pm2.config.js - 404 (2ms)
[2025-07-07T02:02:44.844Z] [INFO] [SERVER] [N/A] --- Incoming Request ---
[2025-07-07T02:02:44.844Z] [INFO] [SERVER] [N/A] Method: GET
[2025-07-07T02:02:44.844Z] [INFO] [SERVER] [N/A] URL: /
[2025-07-07T02:02:44.844Z] [INFO] [SERVER] [N/A] IP: 127.0.0.1
[2025-07-07T02:02:44.844Z] [INFO] [SERVER] [N/A] User-Agent: Mozilla/5.0 (Macintosh; Intel Mac OS X 10_15_7) Chrome/126.0.0.0 Safari/537.36
[2025-07-07T02:02:44.844Z] [INFO] [SERVER] [N/A] ------------------------
[2025-07-07T02:02:44.845Z] [INFO] [SERVER] [N/A] 📤 Response: GET / - 404 (1ms)
[2025-07-07T02:04:05.846Z] [INFO] [SERVER] [N/A] --- Incoming Request ---
[2025-07-07T02:04:05.846Z] [INFO] [SERVER] [N/A] Method: GET
[2025-07-07T02:04:05.846Z] [INFO] [SERVER] [N/A] URL: /
[2025-07-07T02:04:05.846Z] [INFO] [SERVER] [N/A] IP: 127.0.0.1
[2025-07-07T02:04:05.847Z] [INFO] [SERVER] [N/A] User-Agent: Mozilla/5.0 (SymbianOS/9.2; U; Series60/3.1 Nokia5700/3.27; Profile/MIDP-2.0 Configuration/CLDC-1.1) AppleWebKit/413 (KHTML, like Gecko) Safari/413
[2025-07-07T02:04:05.847Z] [INFO] [SERVER] [N/A] ------------------------
[2025-07-07T02:04:05.847Z] [INFO] [SERVER] [N/A] 📤 Response: GET / - 404 (1ms)
[2025-07-07T02:11:36.226Z] [INFO] [SERVER] [N/A] --- Incoming Request ---
[2025-07-07T02:11:36.226Z] [INFO] [SERVER] [N/A] Method: GET
[2025-07-07T02:11:36.226Z] [INFO] [SERVER] [N/A] URL: /
[2025-07-07T02:11:36.226Z] [INFO] [SERVER] [N/A] IP: 127.0.0.1
[2025-07-07T02:11:36.226Z] [INFO] [SERVER] [N/A] User-Agent: Mozilla/5.0 (compatible; CensysInspect/1.1; +https://about.censys.io/)
[2025-07-07T02:11:36.226Z] [INFO] [SERVER] [N/A] ------------------------
[2025-07-07T02:11:36.227Z] [INFO] [SERVER] [N/A] 📤 Response: GET / - 404 (1ms)
[2025-07-07T02:12:10.146Z] [INFO] [SERVER] [N/A] --- Incoming Request ---
[2025-07-07T02:12:10.146Z] [INFO] [SERVER] [N/A] Method: GET
[2025-07-07T02:12:10.146Z] [INFO] [SERVER] [N/A] URL: /favicon.ico
[2025-07-07T02:12:10.147Z] [INFO] [SERVER] [N/A] IP: 127.0.0.1
[2025-07-07T02:12:10.147Z] [INFO] [SERVER] [N/A] User-Agent: Mozilla/5.0 (compatible; CensysInspect/1.1; +https://about.censys.io/)
[2025-07-07T02:12:10.147Z] [INFO] [SERVER] [N/A] ------------------------
[2025-07-07T02:12:10.149Z] [INFO] [SERVER] [N/A] 📤 Response: GET /favicon.ico - 404 (3ms)
[2025-07-07T02:12:28.267Z] [INFO] [SERVER] [N/A] --- Incoming Request ---
[2025-07-07T02:12:28.268Z] [INFO] [SERVER] [N/A] Method: GET
[2025-07-07T02:12:28.268Z] [INFO] [SERVER] [N/A] URL: /wiki
[2025-07-07T02:12:28.268Z] [INFO] [SERVER] [N/A] IP: 127.0.0.1
[2025-07-07T02:12:28.268Z] [INFO] [SERVER] [N/A] User-Agent: Mozilla/5.0 (compatible; CensysInspect/1.1; +https://about.censys.io/)
[2025-07-07T02:12:28.268Z] [INFO] [SERVER] [N/A] ------------------------
[2025-07-07T02:12:28.269Z] [INFO] [SERVER] [N/A] 📤 Response: GET /wiki - 404 (2ms)
[2025-07-07T02:34:05.775Z] [INFO] [SERVER] [N/A] --- Incoming Request ---
[2025-07-07T02:34:05.775Z] [INFO] [SERVER] [N/A] Method: GET
[2025-07-07T02:34:05.775Z] [INFO] [SERVER] [N/A] URL: /
[2025-07-07T02:34:05.775Z] [INFO] [SERVER] [N/A] IP: 127.0.0.1
[2025-07-07T02:34:05.775Z] [INFO] [SERVER] [N/A] User-Agent: Mozilla/5.0 (Windows NT 10.0; Win64; x64) AppleWebKit/537.36 (KHTML, like Gecko) Chrome/94.0.4606.61 Safari/537.36
[2025-07-07T02:34:05.775Z] [INFO] [SERVER] [N/A] ------------------------
[2025-07-07T02:34:05.776Z] [INFO] [SERVER] [N/A] 📤 Response: GET / - 404 (1ms)
[2025-07-07T02:34:12.105Z] [INFO] [SERVER] [N/A] --- Incoming Request ---
[2025-07-07T02:34:12.105Z] [INFO] [SERVER] [N/A] Method: POST
[2025-07-07T02:34:12.105Z] [INFO] [SERVER] [N/A] URL: /
[2025-07-07T02:34:12.106Z] [INFO] [SERVER] [N/A] IP: 127.0.0.1
[2025-07-07T02:34:12.106Z] [INFO] [SERVER] [N/A] User-Agent: Mozilla/5.0 (Windows NT 10.0; Win64; x64) AppleWebKit/537.36 (KHTML, like Gecko) Chrome/94.0.4606.61 Safari/537.36
[2025-07-07T02:34:12.106Z] [INFO] [SERVER] [N/A] ------------------------
[2025-07-07T02:34:12.107Z] [INFO] [SERVER] [N/A] 📤 Response: POST / - 404 (2ms)
[2025-07-07T02:34:15.487Z] [INFO] [SERVER] [N/A] --- Incoming Request ---
[2025-07-07T02:34:15.488Z] [INFO] [SERVER] [N/A] Method: POST
[2025-07-07T02:34:15.488Z] [INFO] [SERVER] [N/A] URL: /
[2025-07-07T02:34:15.488Z] [INFO] [SERVER] [N/A] IP: 127.0.0.1
[2025-07-07T02:34:15.488Z] [INFO] [SERVER] [N/A] User-Agent: Mozilla/5.0 (Windows NT 10.0; Win64; x64) AppleWebKit/537.36 (KHTML, like Gecko) Chrome/94.0.4606.61 Safari/537.36
[2025-07-07T02:34:15.488Z] [INFO] [SERVER] [N/A] ------------------------
[2025-07-07T02:34:15.489Z] [INFO] [SERVER] [N/A] 📤 Response: POST / - 404 (2ms)
[2025-07-07T02:34:22.982Z] [INFO] [SERVER] [N/A] --- Incoming Request ---
[2025-07-07T02:34:22.982Z] [INFO] [SERVER] [N/A] Method: GET
[2025-07-07T02:34:22.982Z] [INFO] [SERVER] [N/A] URL: /WuEL
[2025-07-07T02:34:22.982Z] [INFO] [SERVER] [N/A] IP: 127.0.0.1
[2025-07-07T02:34:22.982Z] [INFO] [SERVER] [N/A] User-Agent: Mozilla/5.0 (compatible; MSIE 9.0; Windows NT 6.1; Trident/5.0; ; NCLIENT50_AAPCDA5841E333)
[2025-07-07T02:34:22.982Z] [INFO] [SERVER] [N/A] ------------------------
[2025-07-07T02:34:22.985Z] [INFO] [SERVER] [N/A] 📤 Response: GET /WuEL - 404 (3ms)
[2025-07-07T02:34:30.929Z] [INFO] [SERVER] [N/A] --- Incoming Request ---
[2025-07-07T02:34:30.929Z] [INFO] [SERVER] [N/A] Method: GET
[2025-07-07T02:34:30.929Z] [INFO] [SERVER] [N/A] URL: /a
[2025-07-07T02:34:30.929Z] [INFO] [SERVER] [N/A] IP: 127.0.0.1
[2025-07-07T02:34:30.929Z] [INFO] [SERVER] [N/A] User-Agent: Mozilla/5.0 (Windows NT 10.0; Win64; x64) AppleWebKit/537.36 (KHTML, like Gecko) Chrome/94.0.4606.61 Safari/537.36
[2025-07-07T02:34:30.930Z] [INFO] [SERVER] [N/A] ------------------------
[2025-07-07T02:34:30.931Z] [INFO] [SERVER] [N/A] 📤 Response: GET /a - 404 (2ms)
[2025-07-07T02:34:36.886Z] [INFO] [SERVER] [N/A] --- Incoming Request ---
[2025-07-07T02:34:36.886Z] [INFO] [SERVER] [N/A] Method: GET
[2025-07-07T02:34:36.886Z] [INFO] [SERVER] [N/A] URL: /download/file.ext
[2025-07-07T02:34:36.886Z] [INFO] [SERVER] [N/A] IP: 127.0.0.1
[2025-07-07T02:34:36.886Z] [INFO] [SERVER] [N/A] User-Agent: Mozilla/5.0 (Windows NT 10.0; Win64; x64) AppleWebKit/537.36 (KHTML, like Gecko) Chrome/94.0.4606.61 Safari/537.36
[2025-07-07T02:34:36.886Z] [INFO] [SERVER] [N/A] ------------------------
[2025-07-07T02:34:36.887Z] [INFO] [SERVER] [N/A] 📤 Response: GET /download/file.ext - 404 (1ms)
[2025-07-07T02:34:42.852Z] [INFO] [SERVER] [N/A] --- Incoming Request ---
[2025-07-07T02:34:42.852Z] [INFO] [SERVER] [N/A] Method: GET
[2025-07-07T02:34:42.852Z] [INFO] [SERVER] [N/A] URL: /SiteLoader
[2025-07-07T02:34:42.853Z] [INFO] [SERVER] [N/A] IP: 127.0.0.1
[2025-07-07T02:34:42.853Z] [INFO] [SERVER] [N/A] User-Agent: Mozilla/5.0 (Windows NT 10.0; Win64; x64) AppleWebKit/537.36 (KHTML, like Gecko) Chrome/94.0.4606.61 Safari/537.36
[2025-07-07T02:34:42.853Z] [INFO] [SERVER] [N/A] ------------------------
[2025-07-07T02:34:42.854Z] [INFO] [SERVER] [N/A] 📤 Response: GET /SiteLoader - 404 (2ms)
[2025-07-07T02:34:47.235Z] [INFO] [SERVER] [N/A] --- Incoming Request ---
[2025-07-07T02:34:47.235Z] [INFO] [SERVER] [N/A] Method: GET
[2025-07-07T02:34:47.235Z] [INFO] [SERVER] [N/A] URL: /mPlayer
[2025-07-07T02:34:47.235Z] [INFO] [SERVER] [N/A] IP: 127.0.0.1
[2025-07-07T02:34:47.235Z] [INFO] [SERVER] [N/A] User-Agent: Mozilla/5.0 (Windows NT 10.0; Win64; x64) AppleWebKit/537.36 (KHTML, like Gecko) Chrome/94.0.4606.61 Safari/537.36
[2025-07-07T02:34:47.235Z] [INFO] [SERVER] [N/A] ------------------------
[2025-07-07T02:34:47.236Z] [INFO] [SERVER] [N/A] 📤 Response: GET /mPlayer - 404 (1ms)
[2025-07-07T02:57:56.675Z] [INFO] [SERVER] [N/A] --- Incoming Request ---
[2025-07-07T02:57:56.676Z] [INFO] [SERVER] [N/A] Method: GET
[2025-07-07T02:57:56.676Z] [INFO] [SERVER] [N/A] URL: /
[2025-07-07T02:57:56.676Z] [INFO] [SERVER] [N/A] IP: 127.0.0.1
[2025-07-07T02:57:56.676Z] [INFO] [SERVER] [N/A] User-Agent: Mozilla/5.0 (Windows NT 10.0; Win64; x64) AppleWebKit/537.36 (KHTML, like Gecko) Chrome/134.0.0.0 Safari/537.36
[2025-07-07T02:57:56.676Z] [INFO] [SERVER] [N/A] ------------------------
[2025-07-07T02:57:56.677Z] [INFO] [SERVER] [N/A] 📤 Response: GET / - 404 (2ms)
[2025-07-07T03:09:49.548Z] [INFO] [SERVER] [N/A] --- Incoming Request ---
[2025-07-07T03:09:49.549Z] [INFO] [SERVER] [N/A] Method: GET
[2025-07-07T03:09:49.549Z] [INFO] [SERVER] [N/A] URL: /
[2025-07-07T03:09:49.549Z] [INFO] [SERVER] [N/A] IP: 127.0.0.1
[2025-07-07T03:09:49.549Z] [INFO] [SERVER] [N/A] User-Agent: Mozilla/5.0 (Windows NT 10.0; Win64; x64) AppleWebKit/537.36 (KHTML, like Gecko) Chrome/78.0.3904.108 Safari/537.36
[2025-07-07T03:09:49.549Z] [INFO] [SERVER] [N/A] ------------------------
[2025-07-07T03:09:49.550Z] [INFO] [SERVER] [N/A] 📤 Response: GET / - 404 (2ms)
[2025-07-07T03:20:25.550Z] [INFO] [SERVER] [N/A] --- Incoming Request ---
[2025-07-07T03:20:25.551Z] [INFO] [SERVER] [N/A] Method: GET
[2025-07-07T03:20:25.551Z] [INFO] [SERVER] [N/A] URL: /
[2025-07-07T03:20:25.551Z] [INFO] [SERVER] [N/A] IP: 127.0.0.1
[2025-07-07T03:20:25.551Z] [INFO] [SERVER] [N/A] User-Agent: Mozilla/5.0 (Windows NT 10.0; rv:113.0) Gecko/20100101 Firefox/113.0
[2025-07-07T03:20:25.551Z] [INFO] [SERVER] [N/A] ------------------------
[2025-07-07T03:20:25.552Z] [INFO] [SERVER] [N/A] 📤 Response: GET / - 404 (2ms)
[2025-07-07T03:31:29.120Z] [INFO] [SERVER] [N/A] --- Incoming Request ---
[2025-07-07T03:31:29.121Z] [INFO] [SERVER] [N/A] Method: POST
[2025-07-07T03:31:29.121Z] [INFO] [SERVER] [N/A] URL: /Autodiscover/Autodiscover.xml
[2025-07-07T03:31:29.121Z] [INFO] [SERVER] [N/A] IP: 127.0.0.1
[2025-07-07T03:31:29.121Z] [INFO] [SERVER] [N/A] User-Agent: Mozilla/5.0 (Windows NT 10.0; Win64; x64) AppleWebKit/537.36 (KHTML, like Gecko) Chrome/78.0.3904.108 Safari/537.36
[2025-07-07T03:31:29.121Z] [INFO] [SERVER] [N/A] ------------------------
[2025-07-07T03:31:29.122Z] [INFO] [SERVER] [N/A] 📤 Response: POST /Autodiscover/Autodiscover.xml - 404 (2ms)
[2025-07-07T03:33:21.719Z] [INFO] [SERVER] [N/A] --- Incoming Request ---
[2025-07-07T03:33:21.719Z] [INFO] [SERVER] [N/A] Method: GET
[2025-07-07T03:33:21.719Z] [INFO] [SERVER] [N/A] URL: /.env
[2025-07-07T03:33:21.719Z] [INFO] [SERVER] [N/A] IP: 127.0.0.1
[2025-07-07T03:33:21.719Z] [INFO] [SERVER] [N/A] User-Agent: Mozilla/5.0 (Windows NT 10.0; Win64; x64) AppleWebKit/537.36 (KHTML, like Gecko) Chrome/116.0.5845.140 Safari/537.36
[2025-07-07T03:33:21.719Z] [INFO] [SERVER] [N/A] ------------------------
[2025-07-07T03:33:21.720Z] [INFO] [SERVER] [N/A] 📤 Response: GET /.env - 404 (1ms)
[2025-07-07T03:33:22.237Z] [INFO] [SERVER] [N/A] --- Incoming Request ---
[2025-07-07T03:33:22.237Z] [INFO] [SERVER] [N/A] Method: POST
[2025-07-07T03:33:22.237Z] [INFO] [SERVER] [N/A] URL: /
[2025-07-07T03:33:22.237Z] [INFO] [SERVER] [N/A] IP: 127.0.0.1
[2025-07-07T03:33:22.237Z] [INFO] [SERVER] [N/A] User-Agent: Mozilla/5.0 (Windows NT 10.0; Win64; x64) AppleWebKit/537.36 (KHTML, like Gecko) Chrome/116.0.5845.140 Safari/537.36
[2025-07-07T03:33:22.237Z] [INFO] [SERVER] [N/A] ------------------------
[2025-07-07T03:33:22.238Z] [INFO] [SERVER] [N/A] 📤 Response: POST / - 404 (1ms)
[2025-07-07T03:36:07.822Z] [INFO] [SERVER] [N/A] --- Incoming Request ---
[2025-07-07T03:36:07.822Z] [INFO] [SERVER] [N/A] Method: POST
[2025-07-07T03:36:07.822Z] [INFO] [SERVER] [N/A] URL: /vendor/phpunit/phpunit/src/Util/PHP/eval-stdin.php
[2025-07-07T03:36:07.823Z] [INFO] [SERVER] [N/A] IP: 127.0.0.1
[2025-07-07T03:36:07.823Z] [INFO] [SERVER] [N/A] User-Agent: Mozilla/5.0 (Windows NT 10.0; Win64; x64) AppleWebKit/537.36 (KHTML, like Gecko) Chrome/78.0.3904.108 Safari/537.36
[2025-07-07T03:36:07.823Z] [INFO] [SERVER] [N/A] ------------------------
[2025-07-07T03:36:07.823Z] [INFO] [SERVER] [N/A] 📤 Response: POST /vendor/phpunit/phpunit/src/Util/PHP/eval-stdin.php - 404 (1ms)
[2025-07-07T03:46:43.263Z] [INFO] [SERVER] [N/A] --- Incoming Request ---
[2025-07-07T03:46:43.263Z] [INFO] [SERVER] [N/A] Method: GET
[2025-07-07T03:46:43.263Z] [INFO] [SERVER] [N/A] URL: /wp-admin/setup-config.ph%70?step=1&language=en_EN
[2025-07-07T03:46:43.263Z] [INFO] [SERVER] [N/A] IP: 127.0.0.1
[2025-07-07T03:46:43.264Z] [INFO] [SERVER] [N/A] User-Agent: Apache/2.4.34 (Ubuntu) OpenSSL/1.1.1 (internal dummy connection)
[2025-07-07T03:46:43.264Z] [INFO] [SERVER] [N/A] ------------------------
[2025-07-07T03:46:43.265Z] [INFO] [SERVER] [N/A] 📤 Response: GET /wp-admin/setup-config.ph%70?step=1&language=en_EN - 404 (2ms)
[2025-07-07T03:46:43.576Z] [INFO] [SERVER] [N/A] --- Incoming Request ---
[2025-07-07T03:46:43.577Z] [INFO] [SERVER] [N/A] Method: GET
[2025-07-07T03:46:43.577Z] [INFO] [SERVER] [N/A] URL: /wordpress/wp-admin/setup-config.ph%70?step=1&language=en_EN
[2025-07-07T03:46:43.577Z] [INFO] [SERVER] [N/A] IP: 127.0.0.1
[2025-07-07T03:46:43.577Z] [INFO] [SERVER] [N/A] User-Agent: Apache/2.4.34 (Ubuntu) OpenSSL/1.1.1 (internal dummy connection)
[2025-07-07T03:46:43.577Z] [INFO] [SERVER] [N/A] ------------------------
[2025-07-07T03:46:43.577Z] [INFO] [SERVER] [N/A] 📤 Response: GET /wordpress/wp-admin/setup-config.ph%70?step=1&language=en_EN - 404 (1ms)
[2025-07-07T03:57:14.119Z] [INFO] [SERVER] [N/A] --- Incoming Request ---
[2025-07-07T03:57:14.120Z] [INFO] [SERVER] [N/A] Method: PROPFIND
[2025-07-07T03:57:14.120Z] [INFO] [SERVER] [N/A] URL: /
[2025-07-07T03:57:14.120Z] [INFO] [SERVER] [N/A] IP: 127.0.0.1
[2025-07-07T03:57:14.120Z] [INFO] [SERVER] [N/A] User-Agent: -
[2025-07-07T03:57:14.120Z] [INFO] [SERVER] [N/A] ------------------------
[2025-07-07T03:57:14.121Z] [INFO] [SERVER] [N/A] 📤 Response: PROPFIND / - 404 (2ms)
[2025-07-07T04:00:44.321Z] [INFO] [SERVER] [N/A] --- Incoming Request ---
[2025-07-07T04:00:44.322Z] [INFO] [SERVER] [N/A] Method: GET
[2025-07-07T04:00:44.322Z] [INFO] [SERVER] [N/A] URL: /vendor/phpunit/phpunit/src/Util/PHP/eval-stdin.php
[2025-07-07T04:00:44.322Z] [INFO] [SERVER] [N/A] IP: 127.0.0.1
[2025-07-07T04:00:44.322Z] [INFO] [SERVER] [N/A] User-Agent: Mozilla/5.0 (Windows NT 10.0; Win64; x64) AppleWebKit/537.36 (KHTML, like Gecko) Chrome/78.0.3904.108 Safari/537.36
[2025-07-07T04:00:44.322Z] [INFO] [SERVER] [N/A] ------------------------
[2025-07-07T04:00:44.323Z] [INFO] [SERVER] [N/A] 📤 Response: GET /vendor/phpunit/phpunit/src/Util/PHP/eval-stdin.php - 404 (2ms)
[2025-07-07T04:11:14.823Z] [INFO] [SERVER] [N/A] --- Incoming Request ---
[2025-07-07T04:11:14.823Z] [INFO] [SERVER] [N/A] Method: GET
[2025-07-07T04:11:14.824Z] [INFO] [SERVER] [N/A] URL: /
[2025-07-07T04:11:14.824Z] [INFO] [SERVER] [N/A] IP: 127.0.0.1
[2025-07-07T04:11:14.824Z] [INFO] [SERVER] [N/A] User-Agent: Expanse, a Palo Alto Networks company, searches across the global IPv4 space multiple times per day to identify customers&#39; presences on the Internet. If you would like to be excluded from our scans, please send IP addresses/domains to: scaninfo@paloaltonetworks.com
[2025-07-07T04:11:14.824Z] [INFO] [SERVER] [N/A] ------------------------
[2025-07-07T04:11:14.825Z] [INFO] [SERVER] [N/A] 📤 Response: GET / - 404 (2ms)
[2025-07-07T04:11:22.408Z] [INFO] [SERVER] [N/A] --- Incoming Request ---
[2025-07-07T04:11:22.408Z] [INFO] [SERVER] [N/A] Method: GET
[2025-07-07T04:11:22.408Z] [INFO] [SERVER] [N/A] URL: /?XDEBUG_SESSION_START=phpstorm
[2025-07-07T04:11:22.408Z] [INFO] [SERVER] [N/A] IP: 127.0.0.1
[2025-07-07T04:11:22.408Z] [INFO] [SERVER] [N/A] User-Agent: Mozilla/5.0 (Windows NT 10.0; Win64; x64) AppleWebKit/537.36 (KHTML, like Gecko) Chrome/78.0.3904.108 Safari/537.36
[2025-07-07T04:11:22.408Z] [INFO] [SERVER] [N/A] ------------------------
[2025-07-07T04:11:22.409Z] [INFO] [SERVER] [N/A] 📤 Response: GET /?XDEBUG_SESSION_START=phpstorm - 404 (1ms)
[2025-07-07T05:03:47.705Z] [INFO] [SERVER] [N/A] --- Incoming Request ---
[2025-07-07T05:03:47.705Z] [INFO] [SERVER] [N/A] Method: GET
[2025-07-07T05:03:47.706Z] [INFO] [SERVER] [N/A] URL: /
[2025-07-07T05:03:47.706Z] [INFO] [SERVER] [N/A] IP: 127.0.0.1
[2025-07-07T05:03:47.706Z] [INFO] [SERVER] [N/A] User-Agent: Mozilla/5.0 (Windows NT 10.0; Win64; x64) AppleWebKit/537.36 (KHTML, like Gecko) Chrome/136.0.0.0 Safari/537.36
[2025-07-07T05:03:47.706Z] [INFO] [SERVER] [N/A] ------------------------
[2025-07-07T05:03:47.707Z] [INFO] [SERVER] [N/A] 📤 Response: GET / - 404 (2ms)
[2025-07-07T05:06:38.532Z] [INFO] [SERVER] [N/A] --- Incoming Request ---
[2025-07-07T05:06:38.532Z] [INFO] [SERVER] [N/A] Method: GET
[2025-07-07T05:06:38.532Z] [INFO] [SERVER] [N/A] URL: /favicon.ico
[2025-07-07T05:06:38.532Z] [INFO] [SERVER] [N/A] IP: 127.0.0.1
[2025-07-07T05:06:38.532Z] [INFO] [SERVER] [N/A] User-Agent: Mozilla/5.0 (Macintosh; Intel Mac OS X 10.15; rv:109.0) Gecko/20100101 Firefox/114.0
[2025-07-07T05:06:38.532Z] [INFO] [SERVER] [N/A] ------------------------
[2025-07-07T05:06:38.533Z] [INFO] [SERVER] [N/A] 📤 Response: GET /favicon.ico - 404 (1ms)
[2025-07-07T05:09:25.045Z] [INFO] [SERVER] [N/A] --- Incoming Request ---
[2025-07-07T05:09:25.046Z] [INFO] [SERVER] [N/A] Method: HEAD
[2025-07-07T05:09:25.046Z] [INFO] [SERVER] [N/A] URL: /.env
[2025-07-07T05:09:25.046Z] [INFO] [SERVER] [N/A] IP: 127.0.0.1
[2025-07-07T05:09:25.046Z] [INFO] [SERVER] [N/A] User-Agent: Python/3.13 aiohttp/3.11.18
[2025-07-07T05:09:25.046Z] [INFO] [SERVER] [N/A] ------------------------
[2025-07-07T05:09:25.047Z] [INFO] [SERVER] [N/A] 📤 Response: HEAD /.env - 404 (2ms)
[2025-07-07T05:09:25.091Z] [INFO] [SERVER] [N/A] --- Incoming Request ---
[2025-07-07T05:09:25.091Z] [INFO] [SERVER] [N/A] Method: HEAD
[2025-07-07T05:09:25.092Z] [INFO] [SERVER] [N/A] URL: /.env.local
[2025-07-07T05:09:25.092Z] [INFO] [SERVER] [N/A] IP: 127.0.0.1
[2025-07-07T05:09:25.092Z] [INFO] [SERVER] [N/A] User-Agent: Python/3.13 aiohttp/3.11.18
[2025-07-07T05:09:25.092Z] [INFO] [SERVER] [N/A] ------------------------
[2025-07-07T05:09:25.093Z] [INFO] [SERVER] [N/A] 📤 Response: HEAD /.env.local - 404 (2ms)
[2025-07-07T05:09:25.165Z] [INFO] [SERVER] [N/A] --- Incoming Request ---
[2025-07-07T05:09:25.166Z] [INFO] [SERVER] [N/A] Method: HEAD
[2025-07-07T05:09:25.166Z] [INFO] [SERVER] [N/A] URL: /.env.prod
[2025-07-07T05:09:25.166Z] [INFO] [SERVER] [N/A] IP: 127.0.0.1
[2025-07-07T05:09:25.166Z] [INFO] [SERVER] [N/A] User-Agent: Python/3.13 aiohttp/3.11.18
[2025-07-07T05:09:25.166Z] [INFO] [SERVER] [N/A] ------------------------
[2025-07-07T05:09:25.167Z] [INFO] [SERVER] [N/A] 📤 Response: HEAD /.env.prod - 404 (2ms)
[2025-07-07T05:09:25.223Z] [INFO] [SERVER] [N/A] --- Incoming Request ---
[2025-07-07T05:09:25.223Z] [INFO] [SERVER] [N/A] Method: HEAD
[2025-07-07T05:09:25.223Z] [INFO] [SERVER] [N/A] URL: /.env.dev
[2025-07-07T05:09:25.223Z] [INFO] [SERVER] [N/A] IP: 127.0.0.1
[2025-07-07T05:09:25.223Z] [INFO] [SERVER] [N/A] User-Agent: Python/3.13 aiohttp/3.11.18
[2025-07-07T05:09:25.223Z] [INFO] [SERVER] [N/A] ------------------------
[2025-07-07T05:09:25.224Z] [INFO] [SERVER] [N/A] 📤 Response: HEAD /.env.dev - 404 (1ms)
[2025-07-07T05:09:25.283Z] [INFO] [SERVER] [N/A] --- Incoming Request ---
[2025-07-07T05:09:25.283Z] [INFO] [SERVER] [N/A] Method: HEAD
[2025-07-07T05:09:25.283Z] [INFO] [SERVER] [N/A] URL: /.env
[2025-07-07T05:09:25.283Z] [INFO] [SERVER] [N/A] IP: 127.0.0.1
[2025-07-07T05:09:25.283Z] [INFO] [SERVER] [N/A] User-Agent: Python/3.13 aiohttp/3.11.18
[2025-07-07T05:09:25.283Z] [INFO] [SERVER] [N/A] ------------------------
[2025-07-07T05:09:25.284Z] [INFO] [SERVER] [N/A] 📤 Response: HEAD /.env - 404 (1ms)
[2025-07-07T05:09:25.331Z] [INFO] [SERVER] [N/A] --- Incoming Request ---
[2025-07-07T05:09:25.331Z] [INFO] [SERVER] [N/A] Method: HEAD
[2025-07-07T05:09:25.331Z] [INFO] [SERVER] [N/A] URL: /.env.local
[2025-07-07T05:09:25.331Z] [INFO] [SERVER] [N/A] IP: 127.0.0.1
[2025-07-07T05:09:25.331Z] [INFO] [SERVER] [N/A] User-Agent: Python/3.13 aiohttp/3.11.18
[2025-07-07T05:09:25.331Z] [INFO] [SERVER] [N/A] ------------------------
[2025-07-07T05:09:25.332Z] [INFO] [SERVER] [N/A] 📤 Response: HEAD /.env.local - 404 (1ms)
[2025-07-07T05:09:25.367Z] [INFO] [SERVER] [N/A] --- Incoming Request ---
[2025-07-07T05:09:25.367Z] [INFO] [SERVER] [N/A] Method: HEAD
[2025-07-07T05:09:25.367Z] [INFO] [SERVER] [N/A] URL: /.env.prod
[2025-07-07T05:09:25.367Z] [INFO] [SERVER] [N/A] IP: 127.0.0.1
[2025-07-07T05:09:25.367Z] [INFO] [SERVER] [N/A] User-Agent: Python/3.13 aiohttp/3.11.18
[2025-07-07T05:09:25.367Z] [INFO] [SERVER] [N/A] ------------------------
[2025-07-07T05:09:25.368Z] [INFO] [SERVER] [N/A] 📤 Response: HEAD /.env.prod - 404 (1ms)
[2025-07-07T05:09:25.407Z] [INFO] [SERVER] [N/A] --- Incoming Request ---
[2025-07-07T05:09:25.407Z] [INFO] [SERVER] [N/A] Method: HEAD
[2025-07-07T05:09:25.407Z] [INFO] [SERVER] [N/A] URL: /.env.dev
[2025-07-07T05:09:25.407Z] [INFO] [SERVER] [N/A] IP: 127.0.0.1
[2025-07-07T05:09:25.407Z] [INFO] [SERVER] [N/A] User-Agent: Python/3.13 aiohttp/3.11.18
[2025-07-07T05:09:25.407Z] [INFO] [SERVER] [N/A] ------------------------
[2025-07-07T05:09:25.408Z] [INFO] [SERVER] [N/A] 📤 Response: HEAD /.env.dev - 404 (1ms)
[2025-07-07T05:09:26.050Z] [INFO] [SERVER] [N/A] --- Incoming Request ---
[2025-07-07T05:09:26.050Z] [INFO] [SERVER] [N/A] Method: HEAD
[2025-07-07T05:09:26.050Z] [INFO] [SERVER] [N/A] URL: /.env
[2025-07-07T05:09:26.051Z] [INFO] [SERVER] [N/A] IP: 127.0.0.1
[2025-07-07T05:09:26.051Z] [INFO] [SERVER] [N/A] User-Agent: Python/3.13 aiohttp/3.11.18
[2025-07-07T05:09:26.051Z] [INFO] [SERVER] [N/A] ------------------------
[2025-07-07T05:09:26.052Z] [INFO] [SERVER] [N/A] 📤 Response: HEAD /.env - 404 (2ms)
[2025-07-07T05:09:26.120Z] [INFO] [SERVER] [N/A] --- Incoming Request ---
[2025-07-07T05:09:26.120Z] [INFO] [SERVER] [N/A] Method: HEAD
[2025-07-07T05:09:26.121Z] [INFO] [SERVER] [N/A] URL: /.env.local
[2025-07-07T05:09:26.121Z] [INFO] [SERVER] [N/A] IP: 127.0.0.1
[2025-07-07T05:09:26.121Z] [INFO] [SERVER] [N/A] User-Agent: Python/3.13 aiohttp/3.11.18
[2025-07-07T05:09:26.121Z] [INFO] [SERVER] [N/A] ------------------------
[2025-07-07T05:09:26.121Z] [INFO] [SERVER] [N/A] 📤 Response: HEAD /.env.local - 404 (1ms)
[2025-07-07T05:09:26.164Z] [INFO] [SERVER] [N/A] --- Incoming Request ---
[2025-07-07T05:09:26.164Z] [INFO] [SERVER] [N/A] Method: HEAD
[2025-07-07T05:09:26.164Z] [INFO] [SERVER] [N/A] URL: /.env.prod
[2025-07-07T05:09:26.165Z] [INFO] [SERVER] [N/A] IP: 127.0.0.1
[2025-07-07T05:09:26.165Z] [INFO] [SERVER] [N/A] User-Agent: Python/3.13 aiohttp/3.11.18
[2025-07-07T05:09:26.165Z] [INFO] [SERVER] [N/A] ------------------------
[2025-07-07T05:09:26.165Z] [INFO] [SERVER] [N/A] 📤 Response: HEAD /.env.prod - 404 (1ms)
[2025-07-07T05:09:26.206Z] [INFO] [SERVER] [N/A] --- Incoming Request ---
[2025-07-07T05:09:26.207Z] [INFO] [SERVER] [N/A] Method: HEAD
[2025-07-07T05:09:26.207Z] [INFO] [SERVER] [N/A] URL: /.env.dev
[2025-07-07T05:09:26.207Z] [INFO] [SERVER] [N/A] IP: 127.0.0.1
[2025-07-07T05:09:26.207Z] [INFO] [SERVER] [N/A] User-Agent: Python/3.13 aiohttp/3.11.18
[2025-07-07T05:09:26.207Z] [INFO] [SERVER] [N/A] ------------------------
[2025-07-07T05:09:26.207Z] [INFO] [SERVER] [N/A] 📤 Response: HEAD /.env.dev - 404 (1ms)
[2025-07-07T05:11:00.209Z] [INFO] [SERVER] [N/A] --- Incoming Request ---
[2025-07-07T05:11:00.209Z] [INFO] [SERVER] [N/A] Method: HEAD
[2025-07-07T05:11:00.209Z] [INFO] [SERVER] [N/A] URL: /.env
[2025-07-07T05:11:00.209Z] [INFO] [SERVER] [N/A] IP: 127.0.0.1
[2025-07-07T05:11:00.209Z] [INFO] [SERVER] [N/A] User-Agent: Python/3.13 aiohttp/3.11.18
[2025-07-07T05:11:00.209Z] [INFO] [SERVER] [N/A] ------------------------
[2025-07-07T05:11:00.210Z] [INFO] [SERVER] [N/A] 📤 Response: HEAD /.env - 404 (1ms)
[2025-07-07T05:11:00.492Z] [INFO] [SERVER] [N/A] --- Incoming Request ---
[2025-07-07T05:11:00.492Z] [INFO] [SERVER] [N/A] Method: HEAD
[2025-07-07T05:11:00.493Z] [INFO] [SERVER] [N/A] URL: /.env.local
[2025-07-07T05:11:00.493Z] [INFO] [SERVER] [N/A] IP: 127.0.0.1
[2025-07-07T05:11:00.493Z] [INFO] [SERVER] [N/A] User-Agent: Python/3.13 aiohttp/3.11.18
[2025-07-07T05:11:00.493Z] [INFO] [SERVER] [N/A] ------------------------
[2025-07-07T05:11:00.493Z] [INFO] [SERVER] [N/A] 📤 Response: HEAD /.env.local - 404 (1ms)
[2025-07-07T05:11:00.712Z] [INFO] [SERVER] [N/A] --- Incoming Request ---
[2025-07-07T05:11:00.713Z] [INFO] [SERVER] [N/A] Method: HEAD
[2025-07-07T05:11:00.713Z] [INFO] [SERVER] [N/A] URL: /.env.prod
[2025-07-07T05:11:00.713Z] [INFO] [SERVER] [N/A] IP: 127.0.0.1
[2025-07-07T05:11:00.713Z] [INFO] [SERVER] [N/A] User-Agent: Python/3.13 aiohttp/3.11.18
[2025-07-07T05:11:00.713Z] [INFO] [SERVER] [N/A] ------------------------
[2025-07-07T05:11:00.713Z] [INFO] [SERVER] [N/A] 📤 Response: HEAD /.env.prod - 404 (1ms)
[2025-07-07T05:11:00.789Z] [INFO] [SERVER] [N/A] --- Incoming Request ---
[2025-07-07T05:11:00.790Z] [INFO] [SERVER] [N/A] Method: HEAD
[2025-07-07T05:11:00.790Z] [INFO] [SERVER] [N/A] URL: /.env.dev
[2025-07-07T05:11:00.790Z] [INFO] [SERVER] [N/A] IP: 127.0.0.1
[2025-07-07T05:11:00.790Z] [INFO] [SERVER] [N/A] User-Agent: Python/3.13 aiohttp/3.11.18
[2025-07-07T05:11:00.790Z] [INFO] [SERVER] [N/A] ------------------------
[2025-07-07T05:11:00.791Z] [INFO] [SERVER] [N/A] 📤 Response: HEAD /.env.dev - 404 (2ms)
[2025-07-07T05:25:10.311Z] [INFO] [SERVER] [N/A] --- Incoming Request ---
[2025-07-07T05:25:10.312Z] [INFO] [SERVER] [N/A] Method: GET
[2025-07-07T05:25:10.312Z] [INFO] [SERVER] [N/A] URL: /
[2025-07-07T05:25:10.312Z] [INFO] [SERVER] [N/A] IP: 127.0.0.1
[2025-07-07T05:25:10.312Z] [INFO] [SERVER] [N/A] User-Agent: Mozilla/5.0 (X11; Ubuntu; Linux x86_64; rv:134.0) Gecko/20100101 Firefox/134.0
[2025-07-07T05:25:10.312Z] [INFO] [SERVER] [N/A] ------------------------
[2025-07-07T05:25:10.313Z] [INFO] [SERVER] [N/A] 📤 Response: GET / - 404 (2ms)
[2025-07-07T05:30:03.256Z] [INFO] [SERVER] [N/A] --- Incoming Request ---
[2025-07-07T05:30:03.257Z] [INFO] [SERVER] [N/A] Method: GET
[2025-07-07T05:30:03.257Z] [INFO] [SERVER] [N/A] URL: /console/
[2025-07-07T05:30:03.257Z] [INFO] [SERVER] [N/A] IP: 127.0.0.1
[2025-07-07T05:30:03.257Z] [INFO] [SERVER] [N/A] User-Agent: Mozilla/5.0 (Windows NT 10.0; Win64; x64) AppleWebKit/537.36 (KHTML, like Gecko) Chrome/78.0.3904.108 Safari/537.36
[2025-07-07T05:30:03.257Z] [INFO] [SERVER] [N/A] ------------------------
[2025-07-07T05:30:03.261Z] [INFO] [SERVER] [N/A] 📤 Response: GET /console/ - 404 (5ms)
[2025-07-07T05:33:27.078Z] [INFO] [SERVER] [N/A] --- Incoming Request ---
[2025-07-07T05:33:27.078Z] [INFO] [SERVER] [N/A] Method: GET
[2025-07-07T05:33:27.078Z] [INFO] [SERVER] [N/A] URL: /
[2025-07-07T05:33:27.078Z] [INFO] [SERVER] [N/A] IP: 127.0.0.1
[2025-07-07T05:33:27.078Z] [INFO] [SERVER] [N/A] User-Agent: Mozilla/5.0 (X11; Ubuntu; Linux x86_64; rv:134.0) Gecko/20100101 Firefox/134.0
[2025-07-07T05:33:27.078Z] [INFO] [SERVER] [N/A] ------------------------
[2025-07-07T05:33:27.079Z] [INFO] [SERVER] [N/A] 📤 Response: GET / - 404 (1ms)
[2025-07-07T05:38:30.217Z] [INFO] [SERVER] [N/A] --- Incoming Request ---
[2025-07-07T05:38:30.218Z] [INFO] [SERVER] [N/A] Method: GET
[2025-07-07T05:38:30.218Z] [INFO] [SERVER] [N/A] URL: /favicon.ico
[2025-07-07T05:38:30.218Z] [INFO] [SERVER] [N/A] IP: 127.0.0.1
[2025-07-07T05:38:30.218Z] [INFO] [SERVER] [N/A] User-Agent: Mozilla/5.0 (X11; Ubuntu; Linux x86_64; rv:134.0) Gecko/20100101 Firefox/134.0
[2025-07-07T05:38:30.218Z] [INFO] [SERVER] [N/A] ------------------------
[2025-07-07T05:38:30.219Z] [INFO] [SERVER] [N/A] 📤 Response: GET /favicon.ico - 404 (2ms)
[2025-07-07T05:41:18.346Z] [INFO] [SERVER] [N/A] --- Incoming Request ---
[2025-07-07T05:41:18.346Z] [INFO] [SERVER] [N/A] Method: GET
[2025-07-07T05:41:18.346Z] [INFO] [SERVER] [N/A] URL: /
[2025-07-07T05:41:18.346Z] [INFO] [SERVER] [N/A] IP: 127.0.0.1
[2025-07-07T05:41:18.346Z] [INFO] [SERVER] [N/A] User-Agent: python-requests/2.32.4
[2025-07-07T05:41:18.346Z] [INFO] [SERVER] [N/A] ------------------------
[2025-07-07T05:41:18.347Z] [INFO] [SERVER] [N/A] 📤 Response: GET / - 404 (1ms)
[2025-07-07T05:45:32.415Z] [INFO] [SERVER] [N/A] --- Incoming Request ---
[2025-07-07T05:45:32.415Z] [INFO] [SERVER] [N/A] Method: GET
[2025-07-07T05:45:32.415Z] [INFO] [SERVER] [N/A] URL: /_ignition/execute-solution
[2025-07-07T05:45:32.415Z] [INFO] [SERVER] [N/A] IP: 127.0.0.1
[2025-07-07T05:45:32.415Z] [INFO] [SERVER] [N/A] User-Agent: Mozilla/5.0 (Windows NT 10.0; Win64; x64) AppleWebKit/537.36 (KHTML, like Gecko) Chrome/78.0.3904.108 Safari/537.36
[2025-07-07T05:45:32.415Z] [INFO] [SERVER] [N/A] ------------------------
[2025-07-07T05:45:32.416Z] [INFO] [SERVER] [N/A] 📤 Response: GET /_ignition/execute-solution - 404 (1ms)
[2025-07-07T05:54:26.045Z] [INFO] [SERVER] [N/A] --- Incoming Request ---
[2025-07-07T05:54:26.046Z] [INFO] [SERVER] [N/A] Method: GET
[2025-07-07T05:54:26.046Z] [INFO] [SERVER] [N/A] URL: /
[2025-07-07T05:54:26.046Z] [INFO] [SERVER] [N/A] IP: 127.0.0.1
[2025-07-07T05:54:26.046Z] [INFO] [SERVER] [N/A] User-Agent: Mozilla/5.0 (Windows NT 10.0; Win64; x64) AppleWebKit/537.36 (KHTML, like Gecko) Chrome/78.0.3904.108 Safari/537.36
[2025-07-07T05:54:26.046Z] [INFO] [SERVER] [N/A] ------------------------
[2025-07-07T05:54:26.047Z] [INFO] [SERVER] [N/A] 📤 Response: GET / - 404 (2ms)
[2025-07-07T06:07:32.681Z] [INFO] [SERVER] [N/A] --- Incoming Request ---
[2025-07-07T06:07:32.681Z] [INFO] [SERVER] [N/A] Method: HEAD
[2025-07-07T06:07:32.681Z] [INFO] [SERVER] [N/A] URL: /.env
[2025-07-07T06:07:32.681Z] [INFO] [SERVER] [N/A] IP: 127.0.0.1
[2025-07-07T06:07:32.682Z] [INFO] [SERVER] [N/A] User-Agent: Python/3.13 aiohttp/3.11.18
[2025-07-07T06:07:32.682Z] [INFO] [SERVER] [N/A] ------------------------
[2025-07-07T06:07:32.683Z] [INFO] [SERVER] [N/A] 📤 Response: HEAD /.env - 404 (2ms)
[2025-07-07T06:07:33.591Z] [INFO] [SERVER] [N/A] --- Incoming Request ---
[2025-07-07T06:07:33.591Z] [INFO] [SERVER] [N/A] Method: HEAD
[2025-07-07T06:07:33.591Z] [INFO] [SERVER] [N/A] URL: /.env.local
[2025-07-07T06:07:33.591Z] [INFO] [SERVER] [N/A] IP: 127.0.0.1
[2025-07-07T06:07:33.591Z] [INFO] [SERVER] [N/A] User-Agent: Python/3.13 aiohttp/3.11.18
[2025-07-07T06:07:33.591Z] [INFO] [SERVER] [N/A] ------------------------
[2025-07-07T06:07:33.592Z] [INFO] [SERVER] [N/A] 📤 Response: HEAD /.env.local - 404 (1ms)
[2025-07-07T06:07:34.016Z] [INFO] [SERVER] [N/A] --- Incoming Request ---
[2025-07-07T06:07:34.016Z] [INFO] [SERVER] [N/A] Method: HEAD
[2025-07-07T06:07:34.016Z] [INFO] [SERVER] [N/A] URL: /.env.prod
[2025-07-07T06:07:34.017Z] [INFO] [SERVER] [N/A] IP: 127.0.0.1
[2025-07-07T06:07:34.017Z] [INFO] [SERVER] [N/A] User-Agent: Python/3.13 aiohttp/3.11.18
[2025-07-07T06:07:34.017Z] [INFO] [SERVER] [N/A] ------------------------
[2025-07-07T06:07:34.017Z] [INFO] [SERVER] [N/A] 📤 Response: HEAD /.env.prod - 404 (1ms)
[2025-07-07T06:07:34.655Z] [INFO] [SERVER] [N/A] --- Incoming Request ---
[2025-07-07T06:07:34.655Z] [INFO] [SERVER] [N/A] Method: HEAD
[2025-07-07T06:07:34.655Z] [INFO] [SERVER] [N/A] URL: /.env.dev
[2025-07-07T06:07:34.655Z] [INFO] [SERVER] [N/A] IP: 127.0.0.1
[2025-07-07T06:07:34.656Z] [INFO] [SERVER] [N/A] User-Agent: Python/3.13 aiohttp/3.11.18
[2025-07-07T06:07:34.656Z] [INFO] [SERVER] [N/A] ------------------------
[2025-07-07T06:07:34.656Z] [INFO] [SERVER] [N/A] 📤 Response: HEAD /.env.dev - 404 (1ms)
[2025-07-07T06:13:35.022Z] [INFO] [SERVER] [N/A] --- Incoming Request ---
[2025-07-07T06:13:35.022Z] [INFO] [SERVER] [N/A] Method: GET
[2025-07-07T06:13:35.022Z] [INFO] [SERVER] [N/A] URL: /rest/applinks/1.0/manifest
[2025-07-07T06:13:35.022Z] [INFO] [SERVER] [N/A] IP: 127.0.0.1
[2025-07-07T06:13:35.022Z] [INFO] [SERVER] [N/A] User-Agent: Mozilla/5.0 (Windows NT 10.0; Win64; x64) AppleWebKit/537.36 (KHTML, like Gecko) Chrome/100.0.4896.127 Safari/537.36
[2025-07-07T06:13:35.022Z] [INFO] [SERVER] [N/A] ------------------------
[2025-07-07T06:13:35.023Z] [INFO] [SERVER] [N/A] 📤 Response: GET /rest/applinks/1.0/manifest - 404 (1ms)
[2025-07-07T06:19:42.494Z] [INFO] [SERVER] [N/A] --- Incoming Request ---
[2025-07-07T06:19:42.494Z] [INFO] [SERVER] [N/A] Method: GET
[2025-07-07T06:19:42.494Z] [INFO] [SERVER] [N/A] URL: /openapi/v2
[2025-07-07T06:19:42.495Z] [INFO] [SERVER] [N/A] IP: 127.0.0.1
[2025-07-07T06:19:42.495Z] [INFO] [SERVER] [N/A] User-Agent: Mozilla/5.0 (iPhone; CPU iPhone OS 17_5_1 like Mac OS X) AppleWebKit/605.1.15 (KHTML, like Gecko) Version/17.4.1 Mobile/15E148 Safari/604.1
[2025-07-07T06:19:42.495Z] [INFO] [SERVER] [N/A] ------------------------
[2025-07-07T06:19:42.495Z] [INFO] [SERVER] [N/A] 📤 Response: GET /openapi/v2 - 404 (1ms)
[2025-07-07T06:19:43.028Z] [INFO] [SERVER] [N/A] --- Incoming Request ---
[2025-07-07T06:19:43.028Z] [INFO] [SERVER] [N/A] Method: GET
[2025-07-07T06:19:43.028Z] [INFO] [SERVER] [N/A] URL: /containers/json
[2025-07-07T06:19:43.028Z] [INFO] [SERVER] [N/A] IP: 127.0.0.1
[2025-07-07T06:19:43.028Z] [INFO] [SERVER] [N/A] User-Agent: Mozilla/5.0 (iPhone; CPU iPhone OS 17_5_1 like Mac OS X) AppleWebKit/605.1.15 (KHTML, like Gecko) Version/17.4.1 Mobile/15E148 Safari/604.1
[2025-07-07T06:19:43.028Z] [INFO] [SERVER] [N/A] ------------------------
[2025-07-07T06:19:43.029Z] [INFO] [SERVER] [N/A] 📤 Response: GET /containers/json - 404 (1ms)
[2025-07-07T06:19:43.292Z] [INFO] [SERVER] [N/A] --- Incoming Request ---
[2025-07-07T06:19:43.292Z] [INFO] [SERVER] [N/A] Method: GET
[2025-07-07T06:19:43.292Z] [INFO] [SERVER] [N/A] URL: /.env.bak
[2025-07-07T06:19:43.292Z] [INFO] [SERVER] [N/A] IP: 127.0.0.1
[2025-07-07T06:19:43.292Z] [INFO] [SERVER] [N/A] User-Agent: Mozilla/5.0 (iPhone; CPU iPhone OS 17_5_1 like Mac OS X) AppleWebKit/605.1.15 (KHTML, like Gecko) Version/17.4.1 Mobile/15E148 Safari/604.1
[2025-07-07T06:19:43.292Z] [INFO] [SERVER] [N/A] ------------------------
[2025-07-07T06:19:43.293Z] [INFO] [SERVER] [N/A] 📤 Response: GET /.env.bak - 404 (1ms)
[2025-07-07T06:19:43.555Z] [INFO] [SERVER] [N/A] --- Incoming Request ---
[2025-07-07T06:19:43.556Z] [INFO] [SERVER] [N/A] Method: GET
[2025-07-07T06:19:43.556Z] [INFO] [SERVER] [N/A] URL: /api
[2025-07-07T06:19:43.556Z] [INFO] [SERVER] [N/A] IP: 127.0.0.1
[2025-07-07T06:19:43.556Z] [INFO] [SERVER] [N/A] User-Agent: Mozilla/5.0 (iPhone; CPU iPhone OS 17_5_1 like Mac OS X) AppleWebKit/605.1.15 (KHTML, like Gecko) Version/17.4.1 Mobile/15E148 Safari/604.1
[2025-07-07T06:19:43.556Z] [INFO] [SERVER] [N/A] ------------------------
[2025-07-07T06:19:43.557Z] [INFO] [SERVER] [N/A] 📤 Response: GET /api - 404 (2ms)
[2025-07-07T06:19:43.820Z] [INFO] [SERVER] [N/A] --- Incoming Request ---
[2025-07-07T06:19:43.820Z] [INFO] [SERVER] [N/A] Method: GET
[2025-07-07T06:19:43.820Z] [INFO] [SERVER] [N/A] URL: /.env
[2025-07-07T06:19:43.820Z] [INFO] [SERVER] [N/A] IP: 127.0.0.1
[2025-07-07T06:19:43.820Z] [INFO] [SERVER] [N/A] User-Agent: Mozilla/5.0 (iPhone; CPU iPhone OS 17_5_1 like Mac OS X) AppleWebKit/605.1.15 (KHTML, like Gecko) Version/17.4.1 Mobile/15E148 Safari/604.1
[2025-07-07T06:19:43.820Z] [INFO] [SERVER] [N/A] ------------------------
[2025-07-07T06:19:43.821Z] [INFO] [SERVER] [N/A] 📤 Response: GET /.env - 404 (1ms)
[2025-07-07T06:19:44.084Z] [INFO] [SERVER] [N/A] --- Incoming Request ---
[2025-07-07T06:19:44.084Z] [INFO] [SERVER] [N/A] Method: GET
[2025-07-07T06:19:44.084Z] [INFO] [SERVER] [N/A] URL: /version
[2025-07-07T06:19:44.084Z] [INFO] [SERVER] [N/A] IP: 127.0.0.1
[2025-07-07T06:19:44.084Z] [INFO] [SERVER] [N/A] User-Agent: Mozilla/5.0 (iPhone; CPU iPhone OS 17_5_1 like Mac OS X) AppleWebKit/605.1.15 (KHTML, like Gecko) Version/17.4.1 Mobile/15E148 Safari/604.1
[2025-07-07T06:19:44.084Z] [INFO] [SERVER] [N/A] ------------------------
[2025-07-07T06:19:44.085Z] [INFO] [SERVER] [N/A] 📤 Response: GET /version - 404 (1ms)
[2025-07-07T06:19:44.348Z] [INFO] [SERVER] [N/A] --- Incoming Request ---
[2025-07-07T06:19:44.348Z] [INFO] [SERVER] [N/A] Method: GET
[2025-07-07T06:19:44.348Z] [INFO] [SERVER] [N/A] URL: /stats
[2025-07-07T06:19:44.348Z] [INFO] [SERVER] [N/A] IP: 127.0.0.1
[2025-07-07T06:19:44.349Z] [INFO] [SERVER] [N/A] User-Agent: Mozilla/5.0 (iPhone; CPU iPhone OS 17_5_1 like Mac OS X) AppleWebKit/605.1.15 (KHTML, like Gecko) Version/17.4.1 Mobile/15E148 Safari/604.1
[2025-07-07T06:19:44.349Z] [INFO] [SERVER] [N/A] ------------------------
[2025-07-07T06:19:44.349Z] [INFO] [SERVER] [N/A] 📤 Response: GET /stats - 404 (1ms)
[2025-07-07T06:21:34.446Z] [INFO] [SERVER] [N/A] --- Incoming Request ---
[2025-07-07T06:21:34.446Z] [INFO] [SERVER] [N/A] Method: GET
[2025-07-07T06:21:34.446Z] [INFO] [SERVER] [N/A] URL: /
[2025-07-07T06:21:34.446Z] [INFO] [SERVER] [N/A] IP: 127.0.0.1
[2025-07-07T06:21:34.446Z] [INFO] [SERVER] [N/A] User-Agent: Mozilla/5.0 (Windows NT 10.0; Win64; x64) AppleWebKit/537.36 (KHTML, like Gecko) Chrome/78.0.3904.108 Safari/537.36
[2025-07-07T06:21:34.446Z] [INFO] [SERVER] [N/A] ------------------------
[2025-07-07T06:21:34.447Z] [INFO] [SERVER] [N/A] 📤 Response: GET / - 404 (1ms)
[2025-07-07T06:45:19.117Z] [INFO] [SERVER] [N/A] --- Incoming Request ---
[2025-07-07T06:45:19.117Z] [INFO] [SERVER] [N/A] Method: GET
[2025-07-07T06:45:19.117Z] [INFO] [SERVER] [N/A] URL: /
[2025-07-07T06:45:19.117Z] [INFO] [SERVER] [N/A] IP: 127.0.0.1
[2025-07-07T06:45:19.118Z] [INFO] [SERVER] [N/A] User-Agent: Mozilla/5.0 (Linux; Android 7.1.2; Redmi 5) AppleWebKit/537.36 (KHTML, like Gecko) Chrome/74.0.3729.157 Mobile Safari/537.36
[2025-07-07T06:45:19.118Z] [INFO] [SERVER] [N/A] ------------------------
[2025-07-07T06:45:19.119Z] [INFO] [SERVER] [N/A] 📤 Response: GET / - 404 (2ms)
[2025-07-07T06:59:50.277Z] [INFO] [SERVER] [N/A] --- Incoming Request ---
[2025-07-07T06:59:50.277Z] [INFO] [SERVER] [N/A] Method: GET
[2025-07-07T06:59:50.277Z] [INFO] [SERVER] [N/A] URL: /
[2025-07-07T06:59:50.277Z] [INFO] [SERVER] [N/A] IP: 127.0.0.1
[2025-07-07T06:59:50.278Z] [INFO] [SERVER] [N/A] User-Agent: 'Mozilla/5.0 (compatible; GenomeCrawlerd/1.0; +https://www.nokia.com/genomecrawler)'
[2025-07-07T06:59:50.278Z] [INFO] [SERVER] [N/A] ------------------------
[2025-07-07T06:59:50.278Z] [INFO] [SERVER] [N/A] 📤 Response: GET / - 404 (1ms)
[2025-07-07T07:00:14.301Z] [INFO] [SERVER] [N/A] --- Incoming Request ---
[2025-07-07T07:00:14.301Z] [INFO] [SERVER] [N/A] Method: GET
[2025-07-07T07:00:14.301Z] [INFO] [SERVER] [N/A] URL: /manage/account/login
[2025-07-07T07:00:14.301Z] [INFO] [SERVER] [N/A] IP: 127.0.0.1
[2025-07-07T07:00:14.301Z] [INFO] [SERVER] [N/A] User-Agent: 'Mozilla/5.0 (compatible; GenomeCrawlerd/1.0; +https://www.nokia.com/genomecrawler)'
[2025-07-07T07:00:14.302Z] [INFO] [SERVER] [N/A] ------------------------
[2025-07-07T07:00:14.303Z] [INFO] [SERVER] [N/A] 📤 Response: GET /manage/account/login - 404 (2ms)
[2025-07-07T07:00:29.262Z] [INFO] [SERVER] [N/A] --- Incoming Request ---
[2025-07-07T07:00:29.263Z] [INFO] [SERVER] [N/A] Method: GET
[2025-07-07T07:00:29.263Z] [INFO] [SERVER] [N/A] URL: /admin/index.html
[2025-07-07T07:00:29.263Z] [INFO] [SERVER] [N/A] IP: 127.0.0.1
[2025-07-07T07:00:29.263Z] [INFO] [SERVER] [N/A] User-Agent: 'Mozilla/5.0 (compatible; GenomeCrawlerd/1.0; +https://www.nokia.com/genomecrawler)'
[2025-07-07T07:00:29.263Z] [INFO] [SERVER] [N/A] ------------------------
[2025-07-07T07:00:29.264Z] [INFO] [SERVER] [N/A] 📤 Response: GET /admin/index.html - 404 (2ms)
[2025-07-07T07:00:43.426Z] [INFO] [SERVER] [N/A] --- Incoming Request ---
[2025-07-07T07:00:43.426Z] [INFO] [SERVER] [N/A] Method: GET
[2025-07-07T07:00:43.427Z] [INFO] [SERVER] [N/A] URL: /index.html
[2025-07-07T07:00:43.427Z] [INFO] [SERVER] [N/A] IP: 127.0.0.1
[2025-07-07T07:00:43.427Z] [INFO] [SERVER] [N/A] User-Agent: 'Mozilla/5.0 (compatible; GenomeCrawlerd/1.0; +https://www.nokia.com/genomecrawler)'
[2025-07-07T07:00:43.427Z] [INFO] [SERVER] [N/A] ------------------------
[2025-07-07T07:00:43.428Z] [INFO] [SERVER] [N/A] 📤 Response: GET /index.html - 404 (2ms)
[2025-07-07T07:00:56.192Z] [INFO] [SERVER] [N/A] --- Incoming Request ---
[2025-07-07T07:00:56.193Z] [INFO] [SERVER] [N/A] Method: GET
[2025-07-07T07:00:56.193Z] [INFO] [SERVER] [N/A] URL: /+CSCOE+/logon.html
[2025-07-07T07:00:56.193Z] [INFO] [SERVER] [N/A] IP: 127.0.0.1
[2025-07-07T07:00:56.193Z] [INFO] [SERVER] [N/A] User-Agent: 'Mozilla/5.0 (compatible; GenomeCrawlerd/1.0; +https://www.nokia.com/genomecrawler)'
[2025-07-07T07:00:56.193Z] [INFO] [SERVER] [N/A] ------------------------
[2025-07-07T07:00:56.194Z] [INFO] [SERVER] [N/A] 📤 Response: GET /+CSCOE+/logon.html - 404 (2ms)
[2025-07-07T07:01:10.463Z] [INFO] [SERVER] [N/A] --- Incoming Request ---
[2025-07-07T07:01:10.463Z] [INFO] [SERVER] [N/A] Method: GET
[2025-07-07T07:01:10.463Z] [INFO] [SERVER] [N/A] URL: /cgi-bin/login.cgi
[2025-07-07T07:01:10.464Z] [INFO] [SERVER] [N/A] IP: 127.0.0.1
[2025-07-07T07:01:10.464Z] [INFO] [SERVER] [N/A] User-Agent: 'Mozilla/5.0 (compatible; GenomeCrawlerd/1.0; +https://www.nokia.com/genomecrawler)'
[2025-07-07T07:01:10.464Z] [INFO] [SERVER] [N/A] ------------------------
[2025-07-07T07:01:10.465Z] [INFO] [SERVER] [N/A] 📤 Response: GET /cgi-bin/login.cgi - 404 (2ms)
[2025-07-07T07:02:56.667Z] [INFO] [SERVER] [N/A] --- Incoming Request ---
[2025-07-07T07:02:56.667Z] [INFO] [SERVER] [N/A] Method: GET
[2025-07-07T07:02:56.668Z] [INFO] [SERVER] [N/A] URL: /remote/login
[2025-07-07T07:02:56.668Z] [INFO] [SERVER] [N/A] IP: 127.0.0.1
[2025-07-07T07:02:56.668Z] [INFO] [SERVER] [N/A] User-Agent: 'Mozilla/5.0 (compatible; GenomeCrawlerd/1.0; +https://www.nokia.com/genomecrawler)'
[2025-07-07T07:02:56.668Z] [INFO] [SERVER] [N/A] ------------------------
[2025-07-07T07:02:56.669Z] [INFO] [SERVER] [N/A] 📤 Response: GET /remote/login - 404 (2ms)
[2025-07-07T07:03:34.475Z] [INFO] [SERVER] [N/A] --- Incoming Request ---
[2025-07-07T07:03:34.476Z] [INFO] [SERVER] [N/A] Method: GET
[2025-07-07T07:03:34.476Z] [INFO] [SERVER] [N/A] URL: /web/
[2025-07-07T07:03:34.476Z] [INFO] [SERVER] [N/A] IP: 127.0.0.1
[2025-07-07T07:03:34.476Z] [INFO] [SERVER] [N/A] User-Agent: 'Mozilla/5.0 (compatible; GenomeCrawlerd/1.0; +https://www.nokia.com/genomecrawler)'
[2025-07-07T07:03:34.476Z] [INFO] [SERVER] [N/A] ------------------------
[2025-07-07T07:03:34.478Z] [INFO] [SERVER] [N/A] 📤 Response: GET /web/ - 404 (3ms)
[2025-07-07T07:12:43.904Z] [INFO] [SERVER] [N/A] --- Incoming Request ---
[2025-07-07T07:12:43.904Z] [INFO] [SERVER] [N/A] Method: GET
[2025-07-07T07:12:43.905Z] [INFO] [SERVER] [N/A] URL: /actuator/gateway/routes
[2025-07-07T07:12:43.905Z] [INFO] [SERVER] [N/A] IP: 127.0.0.1
[2025-07-07T07:12:43.905Z] [INFO] [SERVER] [N/A] User-Agent: Mozilla/5.0 (Windows NT 10.0; Win64; x64) AppleWebKit/537.36 (KHTML, like Gecko) Chrome/78.0.3904.108 Safari/537.36
[2025-07-07T07:12:43.905Z] [INFO] [SERVER] [N/A] ------------------------
[2025-07-07T07:12:43.905Z] [INFO] [SERVER] [N/A] 📤 Response: GET /actuator/gateway/routes - 404 (1ms)
[2025-07-07T07:17:25.436Z] [INFO] [SERVER] [N/A] --- Incoming Request ---
[2025-07-07T07:17:25.437Z] [INFO] [SERVER] [N/A] Method: GET
[2025-07-07T07:17:25.437Z] [INFO] [SERVER] [N/A] URL: /vnc/dist/images/3e59b876df5d900e0b2b4a945a71f20d.svg
[2025-07-07T07:17:25.437Z] [INFO] [SERVER] [N/A] IP: 176.65.148.211
[2025-07-07T07:17:25.437Z] [INFO] [SERVER] [N/A] User-Agent: Mozilla/5.0 (X11; Linux x86_64; rv:138.0) Gecko/20100101 Firefox/138.0
[2025-07-07T07:17:25.437Z] [INFO] [SERVER] [N/A] ------------------------
[2025-07-07T07:17:25.437Z] [INFO] [SERVER] [N/A] 📤 Response: GET /vnc/dist/images/3e59b876df5d900e0b2b4a945a71f20d.svg - 404 (1ms)
